[2022-12-12 19:02:08] [INFO   ] cannot read configuration file config.properties trying from resources.
[2022-12-12 19:02:08] [INFO   ] configuration file was loaded from resources directory.
[2022-12-12 19:02:09] [INFO   ] Thread dealer starting.
[2022-12-12 19:02:09] [SEVERE ] placing card 0 in slot 0
[2022-12-12 19:02:09] [SEVERE ] placing card 1 in slot 1
[2022-12-12 19:02:09] [SEVERE ] placing card 2 in slot 2
[2022-12-12 19:02:09] [SEVERE ] placing card 3 in slot 3
[2022-12-12 19:02:10] [SEVERE ] placing card 4 in slot 4
[2022-12-12 19:02:10] [SEVERE ] placing card 5 in slot 5
[2022-12-12 19:02:10] [SEVERE ] placing card 6 in slot 6
[2022-12-12 19:02:10] [SEVERE ] placing card 7 in slot 7
[2022-12-12 19:02:10] [SEVERE ] placing card 8 in slot 8
[2022-12-12 19:02:10] [SEVERE ] placing card 9 in slot 9
[2022-12-12 19:02:10] [SEVERE ] placing card 10 in slot 10
[2022-12-12 19:02:10] [SEVERE ] placing card 11 in slot 11
[2022-12-12 19:02:10] [SEVERE ] placing card 0 in slot 0
[2022-12-12 19:02:11] [SEVERE ] placing card 1 in slot 1
[2022-12-12 19:02:11] [SEVERE ] placing card 2 in slot 2
[2022-12-12 19:02:11] [SEVERE ] placing card 3 in slot 3
[2022-12-12 19:02:11] [SEVERE ] placing card 4 in slot 4
[2022-12-12 19:02:11] [SEVERE ] placing card 5 in slot 5
[2022-12-12 19:02:11] [SEVERE ] placing card 6 in slot 6
[2022-12-12 19:02:11] [SEVERE ] placing card 7 in slot 7
[2022-12-12 19:02:11] [SEVERE ] placing card 8 in slot 8
[2022-12-12 19:02:11] [SEVERE ] placing card 9 in slot 9
[2022-12-12 19:02:11] [SEVERE ] placing card 10 in slot 10
[2022-12-12 19:02:12] [SEVERE ] placing card 11 in slot 11
[2022-12-12 19:02:12] [SEVERE ] placing card 0 in slot 0
[2022-12-12 19:02:12] [SEVERE ] placing card 1 in slot 1
[2022-12-12 19:02:12] [SEVERE ] placing card 2 in slot 2
[2022-12-12 19:02:12] [SEVERE ] placing card 3 in slot 3
[2022-12-12 19:02:12] [SEVERE ] placing card 4 in slot 4
[2022-12-12 19:02:12] [SEVERE ] placing card 5 in slot 5
[2022-12-12 19:02:12] [SEVERE ] placing card 6 in slot 6
[2022-12-12 19:02:12] [SEVERE ] placing card 7 in slot 7
[2022-12-12 19:02:13] [SEVERE ] placing card 8 in slot 8
[2022-12-12 19:02:13] [SEVERE ] placing card 9 in slot 9
[2022-12-12 19:02:13] [SEVERE ] placing card 10 in slot 10
[2022-12-12 19:02:13] [SEVERE ] placing card 11 in slot 11
[2022-12-12 19:02:13] [SEVERE ] placing card 0 in slot 0
[2022-12-12 19:02:13] [SEVERE ] placing card 1 in slot 1
[2022-12-12 19:02:13] [SEVERE ] placing card 2 in slot 2
[2022-12-12 19:02:13] [SEVERE ] placing card 3 in slot 3
[2022-12-12 19:02:13] [SEVERE ] placing card 4 in slot 4
[2022-12-12 19:02:13] [SEVERE ] placing card 5 in slot 5
[2022-12-12 19:02:14] [SEVERE ] placing card 6 in slot 6
[2022-12-12 19:02:14] [SEVERE ] placing card 7 in slot 7
[2022-12-12 19:02:14] [SEVERE ] placing card 8 in slot 8
[2022-12-12 19:02:14] [SEVERE ] placing card 9 in slot 9
[2022-12-12 19:02:14] [SEVERE ] placing card 10 in slot 10
[2022-12-12 19:02:14] [SEVERE ] placing card 11 in slot 11
[2022-12-12 19:02:14] [SEVERE ] placing card 0 in slot 0
[2022-12-12 19:02:14] [SEVERE ] placing card 1 in slot 1
[2022-12-12 19:02:14] [SEVERE ] placing card 2 in slot 2
[2022-12-12 19:02:15] [SEVERE ] placing card 3 in slot 3
[2022-12-12 19:02:15] [SEVERE ] placing card 4 in slot 4
[2022-12-12 19:02:15] [SEVERE ] placing card 5 in slot 5
[2022-12-12 19:02:15] [SEVERE ] placing card 6 in slot 6
[2022-12-12 19:02:15] [SEVERE ] placing card 7 in slot 7
[2022-12-12 19:02:15] [SEVERE ] placing card 8 in slot 8
[2022-12-12 19:02:15] [SEVERE ] placing card 9 in slot 9
[2022-12-12 19:02:15] [SEVERE ] placing card 10 in slot 10
[2022-12-12 19:02:15] [SEVERE ] placing card 11 in slot 11
[2022-12-12 19:02:15] [SEVERE ] placing card 0 in slot 0
[2022-12-12 19:02:16] [SEVERE ] placing card 1 in slot 1
[2022-12-12 19:02:16] [SEVERE ] placing card 2 in slot 2
[2022-12-12 19:02:16] [SEVERE ] placing card 3 in slot 3
[2022-12-12 19:02:16] [SEVERE ] placing card 4 in slot 4
[2022-12-12 19:02:16] [SEVERE ] placing card 5 in slot 5
[2022-12-12 19:02:16] [SEVERE ] placing card 6 in slot 6
[2022-12-12 19:02:16] [SEVERE ] placing card 7 in slot 7
[2022-12-12 19:02:16] [SEVERE ] placing card 8 in slot 8
[2022-12-12 19:02:16] [SEVERE ] placing card 9 in slot 9
[2022-12-12 19:02:16] [SEVERE ] placing card 10 in slot 10
[2022-12-12 19:02:17] [SEVERE ] placing card 11 in slot 11
[2022-12-12 19:02:17] [SEVERE ] placing card 0 in slot 0
[2022-12-12 19:02:17] [SEVERE ] placing card 1 in slot 1
[2022-12-12 19:02:17] [SEVERE ] placing card 2 in slot 2
[2022-12-12 19:02:17] [SEVERE ] placing card 3 in slot 3
[2022-12-12 19:02:17] [SEVERE ] placing card 4 in slot 4
[2022-12-12 19:02:17] [SEVERE ] placing card 5 in slot 5
[2022-12-12 19:02:17] [SEVERE ] placing card 6 in slot 6
[2022-12-12 19:02:17] [SEVERE ] placing card 7 in slot 7
[2022-12-12 19:02:18] [SEVERE ] placing card 8 in slot 8
[2022-12-12 19:02:18] [SEVERE ] placing card 9 in slot 9
[2022-12-12 19:02:18] [SEVERE ] placing card 10 in slot 10
[2022-12-12 19:02:18] [SEVERE ] placing card 11 in slot 11
[2022-12-12 19:02:18] [SEVERE ] placing card 0 in slot 0
[2022-12-12 19:02:18] [SEVERE ] placing card 1 in slot 1
[2022-12-12 19:02:18] [SEVERE ] placing card 2 in slot 2
[2022-12-12 19:02:18] [SEVERE ] placing card 3 in slot 3
[2022-12-12 19:02:18] [SEVERE ] placing card 4 in slot 4
[2022-12-12 19:02:18] [SEVERE ] placing card 5 in slot 5
[2022-12-12 19:02:19] [SEVERE ] placing card 6 in slot 6
[2022-12-12 19:02:19] [SEVERE ] placing card 7 in slot 7
[2022-12-12 19:02:19] [SEVERE ] placing card 8 in slot 8
[2022-12-12 19:02:19] [SEVERE ] placing card 9 in slot 9
[2022-12-12 19:02:19] [SEVERE ] placing card 10 in slot 10
[2022-12-12 19:02:19] [SEVERE ] placing card 11 in slot 11
[2022-12-12 19:02:19] [SEVERE ] placing card 0 in slot 0
[2022-12-12 19:02:19] [SEVERE ] placing card 1 in slot 1
[2022-12-12 19:02:19] [SEVERE ] placing card 2 in slot 2
[2022-12-12 19:02:20] [SEVERE ] placing card 3 in slot 3
[2022-12-12 19:02:20] [SEVERE ] placing card 4 in slot 4
[2022-12-12 19:02:20] [SEVERE ] placing card 5 in slot 5
[2022-12-12 19:02:20] [SEVERE ] placing card 6 in slot 6
[2022-12-12 19:02:20] [SEVERE ] placing card 7 in slot 7
[2022-12-12 19:02:20] [SEVERE ] placing card 8 in slot 8
[2022-12-12 19:02:20] [SEVERE ] placing card 9 in slot 9
[2022-12-12 19:02:20] [SEVERE ] placing card 10 in slot 10
[2022-12-12 19:02:20] [SEVERE ] placing card 11 in slot 11
[2022-12-12 19:02:20] [SEVERE ] placing card 0 in slot 0
[2022-12-12 19:02:21] [SEVERE ] placing card 1 in slot 1
[2022-12-12 19:02:21] [SEVERE ] placing card 2 in slot 2
[2022-12-12 19:02:21] [SEVERE ] placing card 3 in slot 3
[2022-12-12 19:02:21] [SEVERE ] placing card 4 in slot 4
[2022-12-12 19:02:21] [SEVERE ] placing card 5 in slot 5
[2022-12-12 19:02:21] [SEVERE ] placing card 6 in slot 6
[2022-12-12 19:02:21] [SEVERE ] placing card 7 in slot 7
[2022-12-12 19:02:21] [SEVERE ] placing card 8 in slot 8
[2022-12-12 19:02:21] [SEVERE ] placing card 9 in slot 9
[2022-12-12 19:02:21] [SEVERE ] placing card 10 in slot 10
[2022-12-12 19:02:22] [SEVERE ] placing card 11 in slot 11
[2022-12-12 19:02:22] [SEVERE ] placing card 0 in slot 0
[2022-12-12 19:02:22] [SEVERE ] placing card 1 in slot 1
[2022-12-12 19:02:22] [SEVERE ] placing card 2 in slot 2
[2022-12-12 19:02:22] [SEVERE ] placing card 3 in slot 3
[2022-12-12 19:02:22] [SEVERE ] placing card 4 in slot 4
[2022-12-12 19:02:22] [SEVERE ] placing card 5 in slot 5
[2022-12-12 19:02:22] [SEVERE ] placing card 6 in slot 6
[2022-12-12 19:02:22] [SEVERE ] placing card 7 in slot 7
[2022-12-12 19:02:23] [SEVERE ] placing card 8 in slot 8
[2022-12-12 19:02:23] [SEVERE ] placing card 9 in slot 9
[2022-12-12 19:02:23] [SEVERE ] placing card 10 in slot 10
[2022-12-12 19:02:23] [SEVERE ] placing card 11 in slot 11
[2022-12-12 19:02:23] [SEVERE ] placing card 0 in slot 0
[2022-12-12 19:02:23] [SEVERE ] placing card 1 in slot 1
[2022-12-12 19:02:23] [SEVERE ] placing card 2 in slot 2
[2022-12-12 19:02:23] [SEVERE ] placing card 3 in slot 3
[2022-12-12 19:02:23] [SEVERE ] placing card 4 in slot 4
[2022-12-12 19:02:23] [SEVERE ] placing card 5 in slot 5
[2022-12-12 19:02:24] [SEVERE ] placing card 6 in slot 6
[2022-12-12 19:02:24] [SEVERE ] placing card 7 in slot 7
[2022-12-12 19:02:24] [SEVERE ] placing card 8 in slot 8
[2022-12-12 19:02:24] [SEVERE ] placing card 9 in slot 9
[2022-12-12 19:02:24] [SEVERE ] placing card 10 in slot 10
[2022-12-12 19:02:24] [SEVERE ] placing card 11 in slot 11
[2022-12-12 19:02:24] [SEVERE ] placing card 0 in slot 0
[2022-12-12 19:02:24] [SEVERE ] placing card 1 in slot 1
[2022-12-12 19:02:24] [SEVERE ] placing card 2 in slot 2
[2022-12-12 19:02:25] [SEVERE ] placing card 3 in slot 3
[2022-12-12 19:02:25] [SEVERE ] placing card 4 in slot 4
[2022-12-12 19:02:25] [SEVERE ] placing card 5 in slot 5
[2022-12-12 19:02:25] [SEVERE ] placing card 6 in slot 6
[2022-12-12 19:02:25] [SEVERE ] placing card 7 in slot 7
[2022-12-12 19:02:25] [SEVERE ] placing card 8 in slot 8
[2022-12-12 19:02:25] [SEVERE ] placing card 9 in slot 9
[2022-12-12 19:02:25] [SEVERE ] placing card 10 in slot 10
[2022-12-12 19:02:25] [SEVERE ] placing card 11 in slot 11
[2022-12-12 19:02:25] [SEVERE ] placing card 0 in slot 0
[2022-12-12 19:02:26] [SEVERE ] placing card 1 in slot 1
[2022-12-12 19:02:26] [SEVERE ] placing card 2 in slot 2
[2022-12-12 19:02:26] [SEVERE ] placing card 3 in slot 3
[2022-12-12 19:02:26] [SEVERE ] placing card 4 in slot 4
[2022-12-12 19:02:26] [SEVERE ] placing card 5 in slot 5
[2022-12-12 19:02:26] [SEVERE ] placing card 6 in slot 6
[2022-12-12 19:02:26] [SEVERE ] placing card 7 in slot 7
[2022-12-12 19:02:26] [SEVERE ] placing card 8 in slot 8
[2022-12-12 19:02:26] [SEVERE ] placing card 9 in slot 9
[2022-12-12 19:02:26] [SEVERE ] placing card 10 in slot 10
[2022-12-12 19:02:27] [SEVERE ] placing card 11 in slot 11
[2022-12-12 19:02:27] [SEVERE ] placing card 0 in slot 0
[2022-12-12 19:02:27] [SEVERE ] placing card 1 in slot 1
[2022-12-12 19:02:27] [SEVERE ] placing card 2 in slot 2
[2022-12-12 19:02:27] [SEVERE ] placing card 3 in slot 3
[2022-12-12 19:02:27] [SEVERE ] placing card 4 in slot 4
[2022-12-12 19:02:27] [SEVERE ] placing card 5 in slot 5
[2022-12-12 19:02:27] [SEVERE ] placing card 6 in slot 6
[2022-12-12 19:02:27] [SEVERE ] placing card 7 in slot 7
[2022-12-12 19:02:28] [SEVERE ] placing card 8 in slot 8
[2022-12-12 19:02:28] [SEVERE ] placing card 9 in slot 9
[2022-12-12 19:02:28] [SEVERE ] placing card 10 in slot 10
[2022-12-12 19:02:28] [SEVERE ] placing card 11 in slot 11
[2022-12-12 19:02:28] [SEVERE ] placing card 0 in slot 0
[2022-12-12 19:02:28] [SEVERE ] placing card 1 in slot 1
[2022-12-12 19:02:28] [SEVERE ] placing card 2 in slot 2
[2022-12-12 19:02:28] [SEVERE ] placing card 3 in slot 3
[2022-12-12 19:02:28] [SEVERE ] placing card 4 in slot 4
[2022-12-12 19:02:28] [SEVERE ] placing card 5 in slot 5
[2022-12-12 19:02:29] [SEVERE ] placing card 6 in slot 6
[2022-12-12 19:02:29] [SEVERE ] placing card 7 in slot 7
[2022-12-12 19:02:29] [SEVERE ] placing card 8 in slot 8
[2022-12-12 19:02:29] [SEVERE ] placing card 9 in slot 9
[2022-12-12 19:02:29] [SEVERE ] placing card 10 in slot 10
[2022-12-12 19:02:29] [SEVERE ] placing card 11 in slot 11
[2022-12-12 19:02:29] [SEVERE ] placing card 0 in slot 0
[2022-12-12 19:02:29] [SEVERE ] placing card 1 in slot 1
[2022-12-12 19:02:29] [SEVERE ] placing card 2 in slot 2
[2022-12-12 19:02:30] [SEVERE ] placing card 3 in slot 3
[2022-12-12 19:02:30] [SEVERE ] placing card 4 in slot 4
[2022-12-12 19:02:30] [SEVERE ] placing card 5 in slot 5
[2022-12-12 19:02:30] [SEVERE ] placing card 6 in slot 6
[2022-12-12 19:02:30] [SEVERE ] placing card 7 in slot 7
[2022-12-12 19:02:30] [SEVERE ] placing card 8 in slot 8
[2022-12-12 19:02:30] [SEVERE ] placing card 9 in slot 9
[2022-12-12 19:02:30] [SEVERE ] placing card 10 in slot 10
[2022-12-12 19:02:30] [SEVERE ] placing card 11 in slot 11
[2022-12-12 19:02:30] [SEVERE ] placing card 0 in slot 0
[2022-12-12 19:02:31] [SEVERE ] placing card 1 in slot 1
[2022-12-12 19:02:31] [SEVERE ] placing card 2 in slot 2
[2022-12-12 19:02:31] [SEVERE ] placing card 3 in slot 3
[2022-12-12 19:02:31] [SEVERE ] placing card 4 in slot 4
[2022-12-12 19:02:31] [SEVERE ] placing card 5 in slot 5
[2022-12-12 19:02:31] [SEVERE ] placing card 6 in slot 6
[2022-12-12 19:02:31] [SEVERE ] placing card 7 in slot 7
[2022-12-12 19:02:31] [SEVERE ] placing card 8 in slot 8
[2022-12-12 19:02:31] [SEVERE ] placing card 9 in slot 9
[2022-12-12 19:02:31] [SEVERE ] placing card 10 in slot 10
[2022-12-12 19:02:32] [SEVERE ] placing card 11 in slot 11
[2022-12-12 19:02:32] [SEVERE ] placing card 0 in slot 0
[2022-12-12 19:02:32] [SEVERE ] placing card 1 in slot 1
[2022-12-12 19:02:32] [SEVERE ] placing card 2 in slot 2
[2022-12-12 19:02:32] [SEVERE ] placing card 3 in slot 3
[2022-12-12 19:02:32] [SEVERE ] placing card 4 in slot 4
[2022-12-12 19:02:32] [SEVERE ] placing card 5 in slot 5
[2022-12-12 19:02:32] [SEVERE ] placing card 6 in slot 6
[2022-12-12 19:02:32] [SEVERE ] placing card 7 in slot 7
[2022-12-12 19:02:33] [SEVERE ] placing card 8 in slot 8
[2022-12-12 19:02:33] [SEVERE ] placing card 9 in slot 9
[2022-12-12 19:02:33] [SEVERE ] placing card 10 in slot 10
[2022-12-12 19:02:33] [SEVERE ] placing card 11 in slot 11
[2022-12-12 19:02:33] [SEVERE ] placing card 0 in slot 0
[2022-12-12 19:02:33] [SEVERE ] placing card 1 in slot 1
[2022-12-12 19:02:33] [SEVERE ] placing card 2 in slot 2
[2022-12-12 19:02:33] [SEVERE ] placing card 3 in slot 3
[2022-12-12 19:02:33] [SEVERE ] placing card 4 in slot 4
[2022-12-12 19:02:33] [SEVERE ] placing card 5 in slot 5
[2022-12-12 19:02:34] [SEVERE ] placing card 6 in slot 6
[2022-12-12 19:02:34] [SEVERE ] placing card 7 in slot 7
[2022-12-12 19:02:34] [SEVERE ] placing card 8 in slot 8
[2022-12-12 19:02:34] [SEVERE ] placing card 9 in slot 9
[2022-12-12 19:02:34] [SEVERE ] placing card 10 in slot 10
[2022-12-12 19:02:34] [SEVERE ] placing card 11 in slot 11
[2022-12-12 19:02:34] [SEVERE ] placing card 0 in slot 0
[2022-12-12 19:02:34] [SEVERE ] placing card 1 in slot 1
[2022-12-12 19:02:34] [SEVERE ] placing card 2 in slot 2
[2022-12-12 19:02:35] [SEVERE ] placing card 3 in slot 3
[2022-12-12 19:02:35] [SEVERE ] placing card 4 in slot 4
[2022-12-12 19:02:35] [SEVERE ] placing card 5 in slot 5
[2022-12-12 19:02:35] [SEVERE ] placing card 6 in slot 6
[2022-12-12 19:02:35] [SEVERE ] placing card 7 in slot 7
[2022-12-12 19:02:35] [SEVERE ] placing card 8 in slot 8
[2022-12-12 19:02:35] [SEVERE ] placing card 9 in slot 9
[2022-12-12 19:02:35] [SEVERE ] placing card 10 in slot 10
[2022-12-12 19:02:35] [SEVERE ] placing card 11 in slot 11
[2022-12-12 19:02:35] [SEVERE ] placing card 0 in slot 0
[2022-12-12 19:02:36] [SEVERE ] placing card 1 in slot 1
[2022-12-12 19:02:36] [SEVERE ] placing card 2 in slot 2
[2022-12-12 19:02:36] [SEVERE ] placing card 3 in slot 3
[2022-12-12 19:02:36] [SEVERE ] placing card 4 in slot 4
[2022-12-12 19:02:36] [SEVERE ] placing card 5 in slot 5
[2022-12-12 19:02:36] [SEVERE ] placing card 6 in slot 6
[2022-12-12 19:02:36] [SEVERE ] placing card 7 in slot 7
[2022-12-12 19:02:36] [SEVERE ] placing card 8 in slot 8
[2022-12-12 19:02:36] [SEVERE ] placing card 9 in slot 9
[2022-12-12 19:02:36] [SEVERE ] placing card 10 in slot 10
[2022-12-12 19:02:37] [SEVERE ] placing card 11 in slot 11
[2022-12-12 19:02:37] [SEVERE ] placing card 0 in slot 0
[2022-12-12 19:02:37] [SEVERE ] placing card 1 in slot 1
[2022-12-12 19:02:37] [SEVERE ] placing card 2 in slot 2
[2022-12-12 19:02:37] [SEVERE ] placing card 3 in slot 3
[2022-12-12 19:02:37] [SEVERE ] placing card 4 in slot 4
[2022-12-12 19:02:37] [SEVERE ] placing card 5 in slot 5
[2022-12-12 19:02:37] [SEVERE ] placing card 6 in slot 6
[2022-12-12 19:02:37] [SEVERE ] placing card 7 in slot 7
[2022-12-12 19:02:38] [SEVERE ] placing card 8 in slot 8
[2022-12-12 19:02:38] [SEVERE ] placing card 9 in slot 9
[2022-12-12 19:02:38] [SEVERE ] placing card 10 in slot 10
[2022-12-12 19:02:38] [SEVERE ] placing card 11 in slot 11
[2022-12-12 19:02:38] [SEVERE ] placing card 0 in slot 0
[2022-12-12 19:02:38] [SEVERE ] placing card 1 in slot 1
[2022-12-12 19:02:38] [SEVERE ] placing card 2 in slot 2
[2022-12-12 19:02:38] [SEVERE ] placing card 3 in slot 3
[2022-12-12 19:02:38] [SEVERE ] placing card 4 in slot 4
[2022-12-12 19:02:38] [SEVERE ] placing card 5 in slot 5
[2022-12-12 19:02:39] [SEVERE ] placing card 6 in slot 6
[2022-12-12 19:02:39] [SEVERE ] placing card 7 in slot 7
[2022-12-12 19:02:39] [SEVERE ] placing card 8 in slot 8
[2022-12-12 19:02:39] [SEVERE ] placing card 9 in slot 9
[2022-12-12 19:02:39] [SEVERE ] placing card 10 in slot 10
[2022-12-12 19:02:39] [SEVERE ] placing card 11 in slot 11
[2022-12-12 19:02:39] [SEVERE ] placing card 0 in slot 0
[2022-12-12 19:02:39] [SEVERE ] placing card 1 in slot 1
[2022-12-12 19:02:39] [SEVERE ] placing card 2 in slot 2
[2022-12-12 19:02:39] [SEVERE ] placing card 3 in slot 3
[2022-12-12 19:02:40] [SEVERE ] placing card 4 in slot 4
[2022-12-12 19:02:40] [SEVERE ] placing card 5 in slot 5
[2022-12-12 19:02:40] [SEVERE ] placing card 6 in slot 6
[2022-12-12 19:02:40] [SEVERE ] placing card 7 in slot 7
[2022-12-12 19:02:40] [SEVERE ] placing card 8 in slot 8
[2022-12-12 19:02:40] [SEVERE ] placing card 9 in slot 9
[2022-12-12 19:02:40] [SEVERE ] placing card 10 in slot 10
[2022-12-12 19:02:40] [SEVERE ] placing card 11 in slot 11
[2022-12-12 19:02:40] [SEVERE ] placing card 0 in slot 0
[2022-12-12 19:02:41] [SEVERE ] placing card 1 in slot 1
[2022-12-12 19:02:41] [SEVERE ] placing card 2 in slot 2
[2022-12-12 19:02:41] [SEVERE ] placing card 3 in slot 3
[2022-12-12 19:02:41] [SEVERE ] placing card 4 in slot 4
[2022-12-12 19:02:41] [SEVERE ] placing card 5 in slot 5
[2022-12-12 19:02:41] [SEVERE ] placing card 6 in slot 6
[2022-12-12 19:02:41] [SEVERE ] placing card 7 in slot 7
[2022-12-12 19:02:41] [SEVERE ] placing card 8 in slot 8
[2022-12-12 19:02:41] [SEVERE ] placing card 9 in slot 9
[2022-12-12 19:02:41] [SEVERE ] placing card 10 in slot 10
[2022-12-12 19:02:42] [SEVERE ] placing card 11 in slot 11
[2022-12-12 19:02:42] [SEVERE ] placing card 0 in slot 0
[2022-12-12 19:02:42] [SEVERE ] placing card 1 in slot 1
[2022-12-12 19:02:42] [SEVERE ] placing card 2 in slot 2
[2022-12-12 19:02:42] [SEVERE ] placing card 3 in slot 3
[2022-12-12 19:02:42] [SEVERE ] placing card 4 in slot 4
[2022-12-12 19:02:42] [SEVERE ] placing card 5 in slot 5
[2022-12-12 19:02:42] [SEVERE ] placing card 6 in slot 6
[2022-12-12 19:02:42] [SEVERE ] placing card 7 in slot 7
[2022-12-12 19:02:42] [SEVERE ] placing card 8 in slot 8
[2022-12-12 19:02:43] [SEVERE ] placing card 9 in slot 9
[2022-12-12 19:02:43] [SEVERE ] placing card 10 in slot 10
[2022-12-12 19:02:43] [SEVERE ] placing card 11 in slot 11
[2022-12-12 19:02:43] [SEVERE ] placing card 0 in slot 0
[2022-12-12 19:02:43] [SEVERE ] placing card 1 in slot 1
[2022-12-12 19:02:43] [SEVERE ] placing card 2 in slot 2
[2022-12-12 19:02:43] [SEVERE ] placing card 3 in slot 3
[2022-12-12 19:02:43] [SEVERE ] placing card 4 in slot 4
[2022-12-12 19:02:43] [SEVERE ] placing card 5 in slot 5
[2022-12-12 19:02:44] [SEVERE ] placing card 6 in slot 6
[2022-12-12 19:02:44] [SEVERE ] placing card 7 in slot 7
[2022-12-12 19:02:44] [SEVERE ] placing card 8 in slot 8
[2022-12-12 19:02:44] [SEVERE ] placing card 9 in slot 9
[2022-12-12 19:02:44] [SEVERE ] placing card 10 in slot 10
[2022-12-12 19:02:44] [SEVERE ] placing card 11 in slot 11
[2022-12-12 19:02:44] [SEVERE ] placing card 0 in slot 0
[2022-12-12 19:02:44] [SEVERE ] placing card 1 in slot 1
[2022-12-12 19:02:44] [SEVERE ] placing card 2 in slot 2
[2022-12-12 19:02:44] [SEVERE ] placing card 3 in slot 3
[2022-12-12 19:02:45] [SEVERE ] placing card 4 in slot 4
[2022-12-12 19:02:45] [SEVERE ] placing card 5 in slot 5
[2022-12-12 19:02:45] [SEVERE ] placing card 6 in slot 6
[2022-12-12 19:02:45] [SEVERE ] placing card 7 in slot 7
[2022-12-12 19:02:45] [SEVERE ] placing card 8 in slot 8
[2022-12-12 19:02:45] [SEVERE ] placing card 9 in slot 9
[2022-12-12 19:02:45] [SEVERE ] placing card 10 in slot 10
[2022-12-12 19:02:45] [SEVERE ] placing card 11 in slot 11
[2022-12-12 19:02:45] [SEVERE ] placing card 0 in slot 0
[2022-12-12 19:02:46] [SEVERE ] placing card 1 in slot 1
[2022-12-12 19:02:46] [SEVERE ] placing card 2 in slot 2
[2022-12-12 19:02:46] [SEVERE ] placing card 3 in slot 3
[2022-12-12 19:02:46] [SEVERE ] placing card 4 in slot 4
[2022-12-12 19:02:46] [SEVERE ] placing card 5 in slot 5
[2022-12-12 19:02:46] [SEVERE ] placing card 6 in slot 6
[2022-12-12 19:02:46] [SEVERE ] placing card 7 in slot 7
[2022-12-12 19:02:46] [SEVERE ] placing card 8 in slot 8
[2022-12-12 19:02:46] [SEVERE ] placing card 9 in slot 9
[2022-12-12 19:02:46] [SEVERE ] placing card 10 in slot 10
[2022-12-12 19:02:47] [SEVERE ] placing card 11 in slot 11
[2022-12-12 19:02:47] [SEVERE ] placing card 0 in slot 0
[2022-12-12 19:02:47] [SEVERE ] placing card 1 in slot 1
[2022-12-12 19:02:47] [SEVERE ] placing card 2 in slot 2
[2022-12-12 19:02:47] [SEVERE ] placing card 3 in slot 3
[2022-12-12 19:02:47] [SEVERE ] placing card 4 in slot 4
[2022-12-12 19:02:47] [SEVERE ] placing card 5 in slot 5
[2022-12-12 19:02:47] [SEVERE ] placing card 6 in slot 6
[2022-12-12 19:02:47] [SEVERE ] placing card 7 in slot 7
[2022-12-12 19:02:48] [SEVERE ] placing card 8 in slot 8
[2022-12-12 19:02:48] [SEVERE ] placing card 9 in slot 9
[2022-12-12 19:02:48] [SEVERE ] placing card 10 in slot 10
[2022-12-12 19:02:48] [SEVERE ] placing card 11 in slot 11
[2022-12-12 19:02:48] [SEVERE ] placing card 0 in slot 0
[2022-12-12 19:02:48] [SEVERE ] placing card 1 in slot 1
[2022-12-12 19:02:48] [SEVERE ] placing card 2 in slot 2
[2022-12-12 19:02:48] [SEVERE ] placing card 3 in slot 3
[2022-12-12 19:02:48] [SEVERE ] placing card 4 in slot 4
[2022-12-12 19:02:48] [SEVERE ] placing card 5 in slot 5
[2022-12-12 19:02:49] [SEVERE ] placing card 6 in slot 6
[2022-12-12 19:02:49] [SEVERE ] placing card 7 in slot 7
[2022-12-12 19:02:49] [SEVERE ] placing card 8 in slot 8
[2022-12-12 19:02:49] [SEVERE ] placing card 9 in slot 9
[2022-12-12 19:02:49] [SEVERE ] placing card 10 in slot 10
[2022-12-12 19:02:49] [SEVERE ] placing card 11 in slot 11
[2022-12-12 19:02:49] [SEVERE ] placing card 0 in slot 0
[2022-12-12 19:02:49] [SEVERE ] placing card 1 in slot 1
[2022-12-12 19:02:49] [SEVERE ] placing card 2 in slot 2
[2022-12-12 19:02:49] [SEVERE ] placing card 3 in slot 3
[2022-12-12 19:02:50] [SEVERE ] placing card 4 in slot 4
[2022-12-12 19:02:50] [SEVERE ] placing card 5 in slot 5
[2022-12-12 19:02:50] [SEVERE ] placing card 6 in slot 6
[2022-12-12 19:02:50] [SEVERE ] placing card 7 in slot 7
[2022-12-12 19:02:50] [SEVERE ] placing card 8 in slot 8
[2022-12-12 19:02:50] [SEVERE ] placing card 9 in slot 9
[2022-12-12 19:02:50] [SEVERE ] placing card 10 in slot 10
[2022-12-12 19:02:50] [SEVERE ] placing card 11 in slot 11
[2022-12-12 19:02:50] [SEVERE ] placing card 0 in slot 0
[2022-12-12 19:02:51] [SEVERE ] placing card 1 in slot 1
[2022-12-12 19:02:51] [SEVERE ] placing card 2 in slot 2
[2022-12-12 19:02:51] [SEVERE ] placing card 3 in slot 3
[2022-12-12 19:02:51] [SEVERE ] placing card 4 in slot 4
[2022-12-12 19:02:51] [SEVERE ] placing card 5 in slot 5
[2022-12-12 19:02:51] [SEVERE ] placing card 6 in slot 6
[2022-12-12 19:02:51] [SEVERE ] placing card 7 in slot 7
[2022-12-12 19:02:51] [SEVERE ] placing card 8 in slot 8
[2022-12-12 19:02:51] [SEVERE ] placing card 9 in slot 9
[2022-12-12 19:02:51] [SEVERE ] placing card 10 in slot 10
[2022-12-12 19:02:52] [SEVERE ] placing card 11 in slot 11
[2022-12-12 19:02:52] [SEVERE ] placing card 0 in slot 0
[2022-12-12 19:02:52] [SEVERE ] placing card 1 in slot 1
[2022-12-12 19:02:52] [SEVERE ] placing card 2 in slot 2
[2022-12-12 19:02:52] [SEVERE ] placing card 3 in slot 3
[2022-12-12 19:02:52] [SEVERE ] placing card 4 in slot 4
[2022-12-12 19:02:52] [SEVERE ] placing card 5 in slot 5
[2022-12-12 19:02:52] [SEVERE ] placing card 6 in slot 6
[2022-12-12 19:02:52] [SEVERE ] placing card 7 in slot 7
[2022-12-12 19:02:52] [SEVERE ] placing card 8 in slot 8
[2022-12-12 19:02:53] [SEVERE ] placing card 9 in slot 9
[2022-12-12 19:02:53] [SEVERE ] placing card 10 in slot 10
[2022-12-12 19:02:53] [SEVERE ] placing card 11 in slot 11
[2022-12-12 19:02:53] [SEVERE ] placing card 0 in slot 0
[2022-12-12 19:02:53] [SEVERE ] placing card 1 in slot 1
[2022-12-12 19:02:53] [SEVERE ] placing card 2 in slot 2
[2022-12-12 19:02:53] [SEVERE ] placing card 3 in slot 3
[2022-12-12 19:02:53] [SEVERE ] placing card 4 in slot 4
[2022-12-12 19:02:53] [SEVERE ] placing card 5 in slot 5
[2022-12-12 19:02:54] [SEVERE ] placing card 6 in slot 6
[2022-12-12 19:02:54] [SEVERE ] placing card 7 in slot 7
[2022-12-12 19:02:54] [SEVERE ] placing card 8 in slot 8
[2022-12-12 19:02:54] [SEVERE ] placing card 9 in slot 9
[2022-12-12 19:02:54] [SEVERE ] placing card 10 in slot 10
[2022-12-12 19:02:54] [SEVERE ] placing card 11 in slot 11
[2022-12-12 19:02:54] [SEVERE ] placing card 0 in slot 0
[2022-12-12 19:02:54] [SEVERE ] placing card 1 in slot 1
[2022-12-12 19:02:54] [SEVERE ] placing card 2 in slot 2
[2022-12-12 19:02:54] [SEVERE ] placing card 3 in slot 3
[2022-12-12 19:02:55] [SEVERE ] placing card 4 in slot 4
[2022-12-12 19:02:55] [SEVERE ] placing card 5 in slot 5
[2022-12-12 19:02:55] [SEVERE ] placing card 6 in slot 6
[2022-12-12 19:02:55] [SEVERE ] placing card 7 in slot 7
[2022-12-12 19:02:55] [SEVERE ] placing card 8 in slot 8
[2022-12-12 19:02:55] [SEVERE ] placing card 9 in slot 9
[2022-12-12 19:02:55] [SEVERE ] placing card 10 in slot 10
[2022-12-12 19:02:55] [SEVERE ] placing card 11 in slot 11
[2022-12-12 19:02:55] [SEVERE ] placing card 0 in slot 0
[2022-12-12 19:02:56] [SEVERE ] placing card 1 in slot 1
[2022-12-12 19:02:56] [SEVERE ] placing card 2 in slot 2
[2022-12-12 19:02:56] [SEVERE ] placing card 3 in slot 3
[2022-12-12 19:02:56] [SEVERE ] placing card 4 in slot 4
[2022-12-12 19:02:56] [SEVERE ] placing card 5 in slot 5
[2022-12-12 19:02:56] [SEVERE ] placing card 6 in slot 6
[2022-12-12 19:02:56] [SEVERE ] placing card 7 in slot 7
[2022-12-12 19:02:56] [SEVERE ] placing card 8 in slot 8
[2022-12-12 19:02:56] [SEVERE ] placing card 9 in slot 9
[2022-12-12 19:02:56] [SEVERE ] placing card 10 in slot 10
[2022-12-12 19:02:57] [SEVERE ] placing card 11 in slot 11
[2022-12-12 19:02:57] [SEVERE ] placing card 0 in slot 0
[2022-12-12 19:02:57] [SEVERE ] placing card 1 in slot 1
[2022-12-12 19:02:57] [SEVERE ] placing card 2 in slot 2
[2022-12-12 19:02:57] [SEVERE ] placing card 3 in slot 3
[2022-12-12 19:02:57] [SEVERE ] placing card 4 in slot 4
[2022-12-12 19:02:57] [SEVERE ] placing card 5 in slot 5
[2022-12-12 19:02:57] [SEVERE ] placing card 6 in slot 6
[2022-12-12 19:02:57] [SEVERE ] placing card 7 in slot 7
[2022-12-12 19:02:58] [SEVERE ] placing card 8 in slot 8
[2022-12-12 19:02:58] [SEVERE ] placing card 9 in slot 9
[2022-12-12 19:02:58] [SEVERE ] placing card 10 in slot 10
[2022-12-12 19:02:58] [SEVERE ] placing card 11 in slot 11
[2022-12-12 19:02:58] [SEVERE ] placing card 0 in slot 0
[2022-12-12 19:02:58] [SEVERE ] placing card 1 in slot 1
[2022-12-12 19:02:58] [SEVERE ] placing card 2 in slot 2
[2022-12-12 19:02:58] [SEVERE ] placing card 3 in slot 3
[2022-12-12 19:02:58] [SEVERE ] placing card 4 in slot 4
[2022-12-12 19:02:58] [SEVERE ] placing card 5 in slot 5
[2022-12-12 19:02:59] [SEVERE ] placing card 6 in slot 6
[2022-12-12 19:02:59] [SEVERE ] placing card 7 in slot 7
[2022-12-12 19:02:59] [SEVERE ] placing card 8 in slot 8
[2022-12-12 19:02:59] [SEVERE ] placing card 9 in slot 9
[2022-12-12 19:02:59] [SEVERE ] placing card 10 in slot 10
[2022-12-12 19:02:59] [SEVERE ] placing card 11 in slot 11
[2022-12-12 19:02:59] [SEVERE ] placing card 0 in slot 0
[2022-12-12 19:02:59] [SEVERE ] placing card 1 in slot 1
[2022-12-12 19:02:59] [SEVERE ] placing card 2 in slot 2
[2022-12-12 19:03:00] [SEVERE ] placing card 3 in slot 3
[2022-12-12 19:03:00] [SEVERE ] placing card 4 in slot 4
[2022-12-12 19:03:00] [SEVERE ] placing card 5 in slot 5
[2022-12-12 19:03:00] [SEVERE ] placing card 6 in slot 6
[2022-12-12 19:03:00] [SEVERE ] placing card 7 in slot 7
[2022-12-12 19:03:00] [SEVERE ] placing card 8 in slot 8
[2022-12-12 19:03:00] [SEVERE ] placing card 9 in slot 9
[2022-12-12 19:03:00] [SEVERE ] placing card 10 in slot 10
[2022-12-12 19:03:00] [SEVERE ] placing card 11 in slot 11
[2022-12-12 19:03:00] [SEVERE ] placing card 0 in slot 0
[2022-12-12 19:03:01] [SEVERE ] placing card 1 in slot 1
[2022-12-12 19:03:01] [SEVERE ] placing card 2 in slot 2
[2022-12-12 19:03:01] [SEVERE ] placing card 3 in slot 3
[2022-12-12 19:03:01] [SEVERE ] placing card 4 in slot 4
[2022-12-12 19:03:01] [SEVERE ] placing card 5 in slot 5
[2022-12-12 19:03:01] [SEVERE ] placing card 6 in slot 6
[2022-12-12 19:03:01] [SEVERE ] placing card 7 in slot 7
[2022-12-12 19:03:01] [SEVERE ] placing card 8 in slot 8
[2022-12-12 19:03:01] [SEVERE ] placing card 9 in slot 9
[2022-12-12 19:03:01] [SEVERE ] placing card 10 in slot 10
[2022-12-12 19:03:02] [SEVERE ] placing card 11 in slot 11
[2022-12-12 19:03:02] [SEVERE ] placing card 0 in slot 0
[2022-12-12 19:03:02] [SEVERE ] placing card 1 in slot 1
[2022-12-12 19:03:02] [SEVERE ] placing card 2 in slot 2
[2022-12-12 19:03:02] [SEVERE ] placing card 3 in slot 3
[2022-12-12 19:03:02] [SEVERE ] placing card 4 in slot 4
[2022-12-12 19:03:02] [SEVERE ] placing card 5 in slot 5
[2022-12-12 19:03:02] [SEVERE ] placing card 6 in slot 6
[2022-12-12 19:03:02] [SEVERE ] placing card 7 in slot 7
[2022-12-12 19:03:03] [SEVERE ] placing card 8 in slot 8
[2022-12-12 19:03:03] [SEVERE ] placing card 9 in slot 9
[2022-12-12 19:03:03] [SEVERE ] placing card 10 in slot 10
[2022-12-12 19:03:03] [SEVERE ] placing card 11 in slot 11
[2022-12-12 19:03:03] [SEVERE ] placing card 0 in slot 0
[2022-12-12 19:03:03] [SEVERE ] placing card 1 in slot 1
[2022-12-12 19:03:03] [SEVERE ] placing card 2 in slot 2
[2022-12-12 19:03:03] [SEVERE ] placing card 3 in slot 3
[2022-12-12 19:03:03] [SEVERE ] placing card 4 in slot 4
[2022-12-12 19:03:03] [SEVERE ] placing card 5 in slot 5
[2022-12-12 19:03:04] [SEVERE ] placing card 6 in slot 6
[2022-12-12 19:03:04] [SEVERE ] placing card 7 in slot 7
[2022-12-12 19:03:04] [SEVERE ] placing card 8 in slot 8
[2022-12-12 19:03:04] [SEVERE ] placing card 9 in slot 9
[2022-12-12 19:03:04] [SEVERE ] placing card 10 in slot 10
[2022-12-12 19:03:04] [SEVERE ] placing card 11 in slot 11
[2022-12-12 19:03:04] [SEVERE ] placing card 0 in slot 0
[2022-12-12 19:03:04] [SEVERE ] placing card 1 in slot 1
[2022-12-12 19:03:04] [SEVERE ] placing card 2 in slot 2
[2022-12-12 19:03:05] [SEVERE ] placing card 3 in slot 3
[2022-12-12 19:03:05] [SEVERE ] placing card 4 in slot 4
[2022-12-12 19:03:05] [SEVERE ] placing card 5 in slot 5
[2022-12-12 19:03:05] [SEVERE ] placing card 6 in slot 6
[2022-12-12 19:03:05] [SEVERE ] placing card 7 in slot 7
[2022-12-12 19:03:05] [SEVERE ] placing card 8 in slot 8
[2022-12-12 19:03:05] [SEVERE ] placing card 9 in slot 9
[2022-12-12 19:03:05] [SEVERE ] placing card 10 in slot 10
[2022-12-12 19:03:05] [SEVERE ] placing card 11 in slot 11
[2022-12-12 19:03:05] [SEVERE ] placing card 0 in slot 0
[2022-12-12 19:03:06] [SEVERE ] placing card 1 in slot 1
[2022-12-12 19:03:06] [SEVERE ] placing card 2 in slot 2
[2022-12-12 19:03:06] [SEVERE ] placing card 3 in slot 3
[2022-12-12 19:03:06] [SEVERE ] placing card 4 in slot 4
[2022-12-12 19:03:06] [SEVERE ] placing card 5 in slot 5
[2022-12-12 19:03:06] [SEVERE ] placing card 6 in slot 6
[2022-12-12 19:03:06] [SEVERE ] placing card 7 in slot 7
[2022-12-12 19:03:06] [SEVERE ] placing card 8 in slot 8
[2022-12-12 19:03:06] [SEVERE ] placing card 9 in slot 9
[2022-12-12 19:03:06] [SEVERE ] placing card 10 in slot 10
[2022-12-12 19:03:07] [SEVERE ] placing card 11 in slot 11
[2022-12-12 19:03:07] [SEVERE ] placing card 0 in slot 0
[2022-12-12 19:03:07] [SEVERE ] placing card 1 in slot 1
[2022-12-12 19:03:07] [SEVERE ] placing card 2 in slot 2
[2022-12-12 19:03:07] [SEVERE ] placing card 3 in slot 3
[2022-12-12 19:03:07] [SEVERE ] placing card 4 in slot 4
[2022-12-12 19:03:07] [SEVERE ] placing card 5 in slot 5
[2022-12-12 19:03:07] [SEVERE ] placing card 6 in slot 6
[2022-12-12 19:03:07] [SEVERE ] placing card 7 in slot 7
[2022-12-12 19:03:08] [SEVERE ] placing card 8 in slot 8
[2022-12-12 19:03:08] [SEVERE ] placing card 9 in slot 9
[2022-12-12 19:03:08] [SEVERE ] placing card 10 in slot 10
[2022-12-12 19:03:08] [SEVERE ] placing card 11 in slot 11
[2022-12-12 19:03:08] [SEVERE ] placing card 0 in slot 0
[2022-12-12 19:03:08] [SEVERE ] placing card 1 in slot 1
[2022-12-12 19:03:08] [SEVERE ] placing card 2 in slot 2
[2022-12-12 19:03:08] [SEVERE ] placing card 3 in slot 3
[2022-12-12 19:03:08] [SEVERE ] placing card 4 in slot 4
[2022-12-12 19:03:08] [SEVERE ] placing card 5 in slot 5
[2022-12-12 19:03:09] [SEVERE ] placing card 6 in slot 6
[2022-12-12 19:03:09] [SEVERE ] placing card 7 in slot 7
[2022-12-12 19:03:09] [SEVERE ] placing card 8 in slot 8
[2022-12-12 19:03:09] [SEVERE ] placing card 9 in slot 9
[2022-12-12 19:03:09] [SEVERE ] placing card 10 in slot 10
[2022-12-12 19:03:09] [SEVERE ] placing card 11 in slot 11
[2022-12-12 19:03:09] [SEVERE ] placing card 0 in slot 0
[2022-12-12 19:03:09] [SEVERE ] placing card 1 in slot 1
[2022-12-12 19:03:09] [SEVERE ] placing card 2 in slot 2
[2022-12-12 19:03:10] [SEVERE ] placing card 3 in slot 3
[2022-12-12 19:03:10] [SEVERE ] placing card 4 in slot 4
[2022-12-12 19:03:10] [SEVERE ] placing card 5 in slot 5
[2022-12-12 19:03:10] [SEVERE ] placing card 6 in slot 6
[2022-12-12 19:03:10] [SEVERE ] placing card 7 in slot 7
[2022-12-12 19:03:10] [SEVERE ] placing card 8 in slot 8
[2022-12-12 19:03:10] [SEVERE ] placing card 9 in slot 9
[2022-12-12 19:03:10] [SEVERE ] placing card 10 in slot 10
[2022-12-12 19:03:10] [SEVERE ] placing card 11 in slot 11
[2022-12-12 19:03:10] [SEVERE ] placing card 0 in slot 0
[2022-12-12 19:03:11] [SEVERE ] placing card 1 in slot 1
[2022-12-12 19:03:11] [SEVERE ] placing card 2 in slot 2
[2022-12-12 19:03:11] [SEVERE ] placing card 3 in slot 3
[2022-12-12 19:03:11] [SEVERE ] placing card 4 in slot 4
[2022-12-12 19:03:11] [SEVERE ] placing card 5 in slot 5
[2022-12-12 19:03:11] [SEVERE ] placing card 6 in slot 6
[2022-12-12 19:03:11] [SEVERE ] placing card 7 in slot 7
[2022-12-12 19:03:11] [SEVERE ] placing card 8 in slot 8
[2022-12-12 19:03:11] [SEVERE ] placing card 9 in slot 9
[2022-12-12 19:03:11] [SEVERE ] placing card 10 in slot 10
[2022-12-12 19:03:12] [SEVERE ] placing card 11 in slot 11
[2022-12-12 19:03:12] [SEVERE ] placing card 0 in slot 0
[2022-12-12 19:03:12] [SEVERE ] placing card 1 in slot 1
[2022-12-12 19:03:12] [SEVERE ] placing card 2 in slot 2
[2022-12-12 19:03:12] [SEVERE ] placing card 3 in slot 3
[2022-12-12 19:03:12] [SEVERE ] placing card 4 in slot 4
[2022-12-12 19:03:12] [SEVERE ] placing card 5 in slot 5
[2022-12-12 19:03:12] [SEVERE ] placing card 6 in slot 6
[2022-12-12 19:03:12] [SEVERE ] placing card 7 in slot 7
[2022-12-12 19:03:13] [SEVERE ] placing card 8 in slot 8
[2022-12-12 19:03:13] [SEVERE ] placing card 9 in slot 9
[2022-12-12 19:03:13] [SEVERE ] placing card 10 in slot 10
[2022-12-12 19:03:13] [SEVERE ] placing card 11 in slot 11
[2022-12-12 19:03:13] [SEVERE ] placing card 0 in slot 0
[2022-12-12 19:03:13] [SEVERE ] placing card 1 in slot 1
[2022-12-12 19:03:13] [SEVERE ] placing card 2 in slot 2
[2022-12-12 19:03:13] [SEVERE ] placing card 3 in slot 3
[2022-12-12 19:03:13] [SEVERE ] placing card 4 in slot 4
[2022-12-12 19:03:13] [SEVERE ] placing card 5 in slot 5
[2022-12-12 19:03:14] [SEVERE ] placing card 6 in slot 6
[2022-12-12 19:03:14] [SEVERE ] placing card 7 in slot 7
[2022-12-12 19:03:14] [SEVERE ] placing card 8 in slot 8
[2022-12-12 19:03:14] [SEVERE ] placing card 9 in slot 9
[2022-12-12 19:03:14] [SEVERE ] placing card 10 in slot 10
[2022-12-12 19:03:14] [SEVERE ] placing card 11 in slot 11
[2022-12-12 19:03:14] [SEVERE ] placing card 0 in slot 0
[2022-12-12 19:03:14] [SEVERE ] placing card 1 in slot 1
[2022-12-12 19:03:14] [SEVERE ] placing card 2 in slot 2
[2022-12-12 19:03:14] [SEVERE ] placing card 3 in slot 3
[2022-12-12 19:03:15] [SEVERE ] placing card 4 in slot 4
[2022-12-12 19:03:15] [SEVERE ] placing card 5 in slot 5
[2022-12-12 19:03:15] [SEVERE ] placing card 6 in slot 6
[2022-12-12 19:03:15] [SEVERE ] placing card 7 in slot 7
[2022-12-12 19:03:15] [SEVERE ] placing card 8 in slot 8
[2022-12-12 19:03:15] [SEVERE ] placing card 9 in slot 9
[2022-12-12 19:03:15] [SEVERE ] placing card 10 in slot 10
[2022-12-12 19:03:15] [SEVERE ] placing card 11 in slot 11
[2022-12-12 19:03:15] [SEVERE ] placing card 0 in slot 0
[2022-12-12 19:03:16] [SEVERE ] placing card 1 in slot 1
[2022-12-12 19:03:16] [SEVERE ] placing card 2 in slot 2
[2022-12-12 19:03:16] [SEVERE ] placing card 3 in slot 3
[2022-12-12 19:03:16] [SEVERE ] placing card 4 in slot 4
[2022-12-12 19:03:16] [SEVERE ] placing card 5 in slot 5
[2022-12-12 19:03:16] [SEVERE ] placing card 6 in slot 6
[2022-12-12 19:03:16] [SEVERE ] placing card 7 in slot 7
[2022-12-12 19:03:16] [SEVERE ] placing card 8 in slot 8
[2022-12-12 19:03:16] [SEVERE ] placing card 9 in slot 9
[2022-12-12 19:03:16] [SEVERE ] placing card 10 in slot 10
[2022-12-12 19:03:17] [SEVERE ] placing card 11 in slot 11
[2022-12-12 19:03:17] [SEVERE ] placing card 0 in slot 0
[2022-12-12 19:03:17] [SEVERE ] placing card 1 in slot 1
[2022-12-12 19:03:17] [SEVERE ] placing card 2 in slot 2
[2022-12-12 19:03:17] [SEVERE ] placing card 3 in slot 3
[2022-12-12 19:03:17] [SEVERE ] placing card 4 in slot 4
[2022-12-12 19:03:17] [SEVERE ] placing card 5 in slot 5
[2022-12-12 19:03:17] [SEVERE ] placing card 6 in slot 6
[2022-12-12 19:03:17] [SEVERE ] placing card 7 in slot 7
[2022-12-12 19:03:18] [SEVERE ] placing card 8 in slot 8
[2022-12-12 19:03:18] [SEVERE ] placing card 9 in slot 9
[2022-12-12 19:03:18] [SEVERE ] placing card 10 in slot 10
[2022-12-12 19:03:18] [SEVERE ] placing card 11 in slot 11
[2022-12-12 19:03:18] [SEVERE ] placing card 0 in slot 0
[2022-12-12 19:03:18] [SEVERE ] placing card 1 in slot 1
[2022-12-12 19:03:18] [SEVERE ] placing card 2 in slot 2
[2022-12-12 19:03:18] [SEVERE ] placing card 3 in slot 3
[2022-12-12 19:03:18] [SEVERE ] placing card 4 in slot 4
[2022-12-12 19:03:18] [SEVERE ] placing card 5 in slot 5
[2022-12-12 19:03:19] [SEVERE ] placing card 6 in slot 6
[2022-12-12 19:03:19] [SEVERE ] placing card 7 in slot 7
[2022-12-12 19:03:19] [SEVERE ] placing card 8 in slot 8
[2022-12-12 19:03:19] [SEVERE ] placing card 9 in slot 9
[2022-12-12 19:03:19] [SEVERE ] placing card 10 in slot 10
[2022-12-12 19:03:19] [SEVERE ] placing card 11 in slot 11
[2022-12-12 19:03:19] [SEVERE ] placing card 0 in slot 0
[2022-12-12 19:03:19] [SEVERE ] placing card 1 in slot 1
[2022-12-12 19:03:19] [SEVERE ] placing card 2 in slot 2
[2022-12-12 19:03:19] [SEVERE ] placing card 3 in slot 3
[2022-12-12 19:03:20] [SEVERE ] placing card 4 in slot 4
[2022-12-12 19:03:20] [SEVERE ] placing card 5 in slot 5
[2022-12-12 19:03:20] [SEVERE ] placing card 6 in slot 6
[2022-12-12 19:03:20] [SEVERE ] placing card 7 in slot 7
[2022-12-12 19:03:20] [SEVERE ] placing card 8 in slot 8
[2022-12-12 19:03:20] [SEVERE ] placing card 9 in slot 9
[2022-12-12 19:03:20] [SEVERE ] placing card 10 in slot 10
[2022-12-12 19:03:20] [SEVERE ] placing card 11 in slot 11
[2022-12-12 19:03:20] [SEVERE ] placing card 0 in slot 0
[2022-12-12 19:03:21] [SEVERE ] placing card 1 in slot 1
[2022-12-12 19:03:21] [SEVERE ] placing card 2 in slot 2
[2022-12-12 19:03:21] [SEVERE ] placing card 3 in slot 3
[2022-12-12 19:03:21] [SEVERE ] placing card 4 in slot 4
[2022-12-12 19:03:21] [SEVERE ] placing card 5 in slot 5
[2022-12-12 19:03:21] [SEVERE ] placing card 6 in slot 6
[2022-12-12 19:03:21] [SEVERE ] placing card 7 in slot 7
[2022-12-12 19:03:21] [SEVERE ] placing card 8 in slot 8
[2022-12-12 19:03:21] [SEVERE ] placing card 9 in slot 9
[2022-12-12 19:03:21] [SEVERE ] placing card 10 in slot 10
[2022-12-12 19:03:22] [SEVERE ] placing card 11 in slot 11
[2022-12-12 19:03:22] [SEVERE ] placing card 0 in slot 0
[2022-12-12 19:03:22] [SEVERE ] placing card 1 in slot 1
[2022-12-12 19:03:22] [SEVERE ] placing card 2 in slot 2
[2022-12-12 19:03:22] [SEVERE ] placing card 3 in slot 3
[2022-12-12 19:03:22] [SEVERE ] placing card 4 in slot 4
[2022-12-12 19:03:22] [SEVERE ] placing card 5 in slot 5
[2022-12-12 19:03:22] [SEVERE ] placing card 6 in slot 6
[2022-12-12 19:03:22] [SEVERE ] placing card 7 in slot 7
[2022-12-12 19:03:23] [SEVERE ] placing card 8 in slot 8
[2022-12-12 19:03:23] [SEVERE ] placing card 9 in slot 9
[2022-12-12 19:03:23] [SEVERE ] placing card 10 in slot 10
[2022-12-12 19:03:23] [SEVERE ] placing card 11 in slot 11
[2022-12-12 19:03:23] [SEVERE ] placing card 0 in slot 0
[2022-12-12 19:03:23] [SEVERE ] placing card 1 in slot 1
[2022-12-12 19:03:23] [SEVERE ] placing card 2 in slot 2
[2022-12-12 19:03:23] [SEVERE ] placing card 3 in slot 3
[2022-12-12 19:03:23] [SEVERE ] placing card 4 in slot 4
[2022-12-12 19:03:23] [SEVERE ] placing card 5 in slot 5
[2022-12-12 19:03:24] [SEVERE ] placing card 6 in slot 6
[2022-12-12 19:03:24] [SEVERE ] placing card 7 in slot 7
[2022-12-12 19:03:24] [SEVERE ] placing card 8 in slot 8
[2022-12-12 19:03:24] [SEVERE ] placing card 9 in slot 9
[2022-12-12 19:03:24] [SEVERE ] placing card 10 in slot 10
[2022-12-12 19:03:24] [SEVERE ] placing card 11 in slot 11
[2022-12-12 19:03:24] [SEVERE ] placing card 0 in slot 0
[2022-12-12 19:03:24] [SEVERE ] placing card 1 in slot 1
[2022-12-12 19:03:24] [SEVERE ] placing card 2 in slot 2
[2022-12-12 19:03:25] [SEVERE ] placing card 3 in slot 3
[2022-12-12 19:03:25] [SEVERE ] placing card 4 in slot 4
[2022-12-12 19:03:25] [SEVERE ] placing card 5 in slot 5
[2022-12-12 19:03:25] [SEVERE ] placing card 6 in slot 6
