[2022-12-12 16:35:33] [INFO   ] cannot read configuration file config.properties trying from resources.
[2022-12-12 16:35:33] [INFO   ] configuration file was loaded from resources directory.
[2022-12-12 16:35:34] [INFO   ] Thread dealer starting.
[2022-12-12 16:35:34] [SEVERE ] placing card 0 in slot 0
[2022-12-12 16:35:34] [SEVERE ] placing card 1 in slot 1
[2022-12-12 16:35:34] [SEVERE ] placing card 2 in slot 2
[2022-12-12 16:35:34] [SEVERE ] placing card 3 in slot 3
[2022-12-12 16:35:34] [SEVERE ] placing card 4 in slot 4
[2022-12-12 16:35:34] [SEVERE ] placing card 5 in slot 5
[2022-12-12 16:35:34] [SEVERE ] placing card 6 in slot 6
[2022-12-12 16:35:35] [SEVERE ] placing card 7 in slot 7
[2022-12-12 16:35:35] [SEVERE ] placing card 8 in slot 8
[2022-12-12 16:35:35] [SEVERE ] placing card 9 in slot 9
[2022-12-12 16:35:35] [SEVERE ] placing card 10 in slot 10
[2022-12-12 16:35:35] [SEVERE ] placing card 11 in slot 11
[2022-12-12 16:35:35] [SEVERE ] placing card 0 in slot 0
[2022-12-12 16:35:35] [SEVERE ] placing card 1 in slot 1
[2022-12-12 16:35:35] [SEVERE ] placing card 2 in slot 2
[2022-12-12 16:35:35] [SEVERE ] placing card 3 in slot 3
[2022-12-12 16:35:36] [SEVERE ] placing card 4 in slot 4
[2022-12-12 16:35:36] [SEVERE ] placing card 5 in slot 5
[2022-12-12 16:35:36] [SEVERE ] placing card 6 in slot 6
[2022-12-12 16:35:36] [SEVERE ] placing card 7 in slot 7
[2022-12-12 16:35:36] [SEVERE ] placing card 8 in slot 8
[2022-12-12 16:35:36] [SEVERE ] placing card 9 in slot 9
[2022-12-12 16:35:36] [SEVERE ] placing card 10 in slot 10
[2022-12-12 16:35:36] [SEVERE ] placing card 11 in slot 11
[2022-12-12 16:35:36] [SEVERE ] placing card 0 in slot 0
[2022-12-12 16:35:36] [SEVERE ] placing card 1 in slot 1
[2022-12-12 16:35:37] [SEVERE ] placing card 2 in slot 2
[2022-12-12 16:35:37] [SEVERE ] placing card 3 in slot 3
[2022-12-12 16:35:37] [SEVERE ] placing card 4 in slot 4
[2022-12-12 16:35:37] [SEVERE ] placing card 5 in slot 5
[2022-12-12 16:35:37] [SEVERE ] placing card 6 in slot 6
[2022-12-12 16:35:37] [SEVERE ] placing card 7 in slot 7
[2022-12-12 16:35:37] [SEVERE ] placing card 8 in slot 8
[2022-12-12 16:35:37] [SEVERE ] placing card 9 in slot 9
[2022-12-12 16:35:37] [SEVERE ] placing card 10 in slot 10
[2022-12-12 16:35:38] [SEVERE ] placing card 11 in slot 11
[2022-12-12 16:35:38] [SEVERE ] placing card 0 in slot 0
[2022-12-12 16:35:38] [SEVERE ] placing card 1 in slot 1
[2022-12-12 16:35:38] [SEVERE ] placing card 2 in slot 2
[2022-12-12 16:35:38] [SEVERE ] placing card 3 in slot 3
[2022-12-12 16:35:38] [SEVERE ] placing card 4 in slot 4
[2022-12-12 16:35:38] [SEVERE ] placing card 5 in slot 5
[2022-12-12 16:35:38] [SEVERE ] placing card 6 in slot 6
[2022-12-12 16:35:38] [SEVERE ] placing card 7 in slot 7
[2022-12-12 16:35:38] [SEVERE ] placing card 8 in slot 8
[2022-12-12 16:35:39] [SEVERE ] placing card 9 in slot 9
[2022-12-12 16:35:39] [SEVERE ] placing card 10 in slot 10
[2022-12-12 16:35:39] [SEVERE ] placing card 11 in slot 11
[2022-12-12 16:35:39] [SEVERE ] placing card 0 in slot 0
[2022-12-12 16:35:39] [SEVERE ] placing card 1 in slot 1
[2022-12-12 16:35:39] [SEVERE ] placing card 2 in slot 2
[2022-12-12 16:35:39] [SEVERE ] placing card 3 in slot 3
[2022-12-12 16:35:39] [SEVERE ] placing card 4 in slot 4
[2022-12-12 16:35:39] [SEVERE ] placing card 5 in slot 5
[2022-12-12 16:35:40] [SEVERE ] placing card 6 in slot 6
[2022-12-12 16:35:40] [SEVERE ] placing card 7 in slot 7
[2022-12-12 16:35:40] [SEVERE ] placing card 8 in slot 8
[2022-12-12 16:35:40] [SEVERE ] placing card 9 in slot 9
[2022-12-12 16:35:40] [SEVERE ] placing card 10 in slot 10
[2022-12-12 16:35:40] [SEVERE ] placing card 11 in slot 11
[2022-12-12 16:35:40] [SEVERE ] placing card 0 in slot 0
[2022-12-12 16:35:40] [SEVERE ] placing card 1 in slot 1
[2022-12-12 16:35:40] [SEVERE ] placing card 2 in slot 2
[2022-12-12 16:35:40] [SEVERE ] placing card 3 in slot 3
[2022-12-12 16:35:41] [SEVERE ] placing card 4 in slot 4
[2022-12-12 16:35:41] [SEVERE ] placing card 5 in slot 5
[2022-12-12 16:35:41] [SEVERE ] placing card 6 in slot 6
[2022-12-12 16:35:41] [SEVERE ] placing card 7 in slot 7
[2022-12-12 16:35:41] [SEVERE ] placing card 8 in slot 8
[2022-12-12 16:35:41] [SEVERE ] placing card 9 in slot 9
[2022-12-12 16:35:41] [SEVERE ] placing card 10 in slot 10
[2022-12-12 16:35:41] [SEVERE ] placing card 11 in slot 11
[2022-12-12 16:35:41] [SEVERE ] placing card 0 in slot 0
[2022-12-12 16:35:41] [SEVERE ] placing card 1 in slot 1
[2022-12-12 16:35:42] [SEVERE ] placing card 2 in slot 2
[2022-12-12 16:35:42] [SEVERE ] placing card 3 in slot 3
[2022-12-12 16:35:42] [SEVERE ] placing card 4 in slot 4
[2022-12-12 16:35:42] [SEVERE ] placing card 5 in slot 5
[2022-12-12 16:35:42] [SEVERE ] placing card 6 in slot 6
[2022-12-12 16:35:42] [SEVERE ] placing card 7 in slot 7
[2022-12-12 16:35:42] [SEVERE ] placing card 8 in slot 8
[2022-12-12 16:35:42] [SEVERE ] placing card 9 in slot 9
[2022-12-12 16:35:42] [SEVERE ] placing card 10 in slot 10
[2022-12-12 16:35:43] [SEVERE ] placing card 11 in slot 11
[2022-12-12 16:35:43] [SEVERE ] placing card 0 in slot 0
[2022-12-12 16:35:43] [SEVERE ] placing card 1 in slot 1
[2022-12-12 16:35:43] [SEVERE ] placing card 2 in slot 2
[2022-12-12 16:35:43] [SEVERE ] placing card 3 in slot 3
[2022-12-12 16:35:43] [SEVERE ] placing card 4 in slot 4
[2022-12-12 16:35:43] [SEVERE ] placing card 5 in slot 5
[2022-12-12 16:35:43] [SEVERE ] placing card 6 in slot 6
[2022-12-12 16:35:43] [SEVERE ] placing card 7 in slot 7
[2022-12-12 16:35:43] [SEVERE ] placing card 8 in slot 8
[2022-12-12 16:35:44] [SEVERE ] placing card 9 in slot 9
[2022-12-12 16:35:44] [SEVERE ] placing card 10 in slot 10
[2022-12-12 16:35:44] [SEVERE ] placing card 11 in slot 11
[2022-12-12 16:35:44] [SEVERE ] placing card 0 in slot 0
[2022-12-12 16:35:44] [SEVERE ] placing card 1 in slot 1
[2022-12-12 16:35:44] [SEVERE ] placing card 2 in slot 2
[2022-12-12 16:35:44] [SEVERE ] placing card 3 in slot 3
[2022-12-12 16:35:44] [SEVERE ] placing card 4 in slot 4
[2022-12-12 16:35:44] [SEVERE ] placing card 5 in slot 5
[2022-12-12 16:35:45] [SEVERE ] placing card 6 in slot 6
[2022-12-12 16:35:45] [SEVERE ] placing card 7 in slot 7
[2022-12-12 16:35:45] [SEVERE ] placing card 8 in slot 8
[2022-12-12 16:35:45] [SEVERE ] placing card 9 in slot 9
[2022-12-12 16:35:45] [SEVERE ] placing card 10 in slot 10
[2022-12-12 16:35:45] [SEVERE ] placing card 11 in slot 11
[2022-12-12 16:35:45] [SEVERE ] placing card 0 in slot 0
[2022-12-12 16:35:45] [SEVERE ] placing card 1 in slot 1
[2022-12-12 16:35:45] [SEVERE ] placing card 2 in slot 2
[2022-12-12 16:35:45] [SEVERE ] placing card 3 in slot 3
[2022-12-12 16:35:46] [SEVERE ] placing card 4 in slot 4
[2022-12-12 16:35:46] [SEVERE ] placing card 5 in slot 5
[2022-12-12 16:35:46] [SEVERE ] placing card 6 in slot 6
[2022-12-12 16:35:46] [SEVERE ] placing card 7 in slot 7
[2022-12-12 16:35:46] [SEVERE ] placing card 8 in slot 8
[2022-12-12 16:35:46] [SEVERE ] placing card 9 in slot 9
[2022-12-12 16:35:46] [SEVERE ] placing card 10 in slot 10
[2022-12-12 16:35:46] [SEVERE ] placing card 11 in slot 11
[2022-12-12 16:35:46] [SEVERE ] placing card 0 in slot 0
[2022-12-12 16:35:46] [SEVERE ] placing card 1 in slot 1
[2022-12-12 16:35:47] [SEVERE ] placing card 2 in slot 2
[2022-12-12 16:35:47] [SEVERE ] placing card 3 in slot 3
[2022-12-12 16:35:47] [SEVERE ] placing card 4 in slot 4
[2022-12-12 16:35:47] [SEVERE ] placing card 5 in slot 5
[2022-12-12 16:35:47] [SEVERE ] placing card 6 in slot 6
[2022-12-12 16:35:47] [SEVERE ] placing card 7 in slot 7
[2022-12-12 16:35:47] [SEVERE ] placing card 8 in slot 8
[2022-12-12 16:35:47] [SEVERE ] placing card 9 in slot 9
[2022-12-12 16:35:47] [SEVERE ] placing card 10 in slot 10
[2022-12-12 16:35:48] [SEVERE ] placing card 11 in slot 11
[2022-12-12 16:35:48] [SEVERE ] placing card 0 in slot 0
[2022-12-12 16:35:48] [SEVERE ] placing card 1 in slot 1
[2022-12-12 16:35:48] [SEVERE ] placing card 2 in slot 2
[2022-12-12 16:35:48] [SEVERE ] placing card 3 in slot 3
[2022-12-12 16:35:48] [SEVERE ] placing card 4 in slot 4
[2022-12-12 16:35:48] [SEVERE ] placing card 5 in slot 5
[2022-12-12 16:35:48] [SEVERE ] placing card 6 in slot 6
[2022-12-12 16:35:48] [SEVERE ] placing card 7 in slot 7
[2022-12-12 16:35:48] [SEVERE ] placing card 8 in slot 8
[2022-12-12 16:35:49] [SEVERE ] placing card 9 in slot 9
[2022-12-12 16:35:49] [SEVERE ] placing card 10 in slot 10
[2022-12-12 16:35:49] [SEVERE ] placing card 11 in slot 11
[2022-12-12 16:35:49] [SEVERE ] placing card 0 in slot 0
[2022-12-12 16:35:49] [SEVERE ] placing card 1 in slot 1
[2022-12-12 16:35:49] [SEVERE ] placing card 2 in slot 2
[2022-12-12 16:35:49] [SEVERE ] placing card 3 in slot 3
[2022-12-12 16:35:49] [SEVERE ] placing card 4 in slot 4
[2022-12-12 16:35:49] [SEVERE ] placing card 5 in slot 5
[2022-12-12 16:35:50] [SEVERE ] placing card 6 in slot 6
[2022-12-12 16:35:50] [SEVERE ] placing card 7 in slot 7
[2022-12-12 16:35:50] [SEVERE ] placing card 8 in slot 8
[2022-12-12 16:35:50] [SEVERE ] placing card 9 in slot 9
[2022-12-12 16:35:50] [SEVERE ] placing card 10 in slot 10
[2022-12-12 16:35:50] [SEVERE ] placing card 11 in slot 11
[2022-12-12 16:35:50] [SEVERE ] Key 81 was pressed by player 0
[2022-12-12 16:35:50] [SEVERE ] Key 87 was pressed by player 0
[2022-12-12 16:35:50] [SEVERE ] placing card 0 in slot 0
[2022-12-12 16:35:50] [SEVERE ] Key 69 was pressed by player 0
[2022-12-12 16:35:50] [SEVERE ] placing card 1 in slot 1
[2022-12-12 16:35:50] [SEVERE ] placing card 2 in slot 2
[2022-12-12 16:35:50] [SEVERE ] placing card 3 in slot 3
[2022-12-12 16:35:51] [SEVERE ] placing card 4 in slot 4
[2022-12-12 16:35:51] [SEVERE ] placing card 5 in slot 5
[2022-12-12 16:35:51] [SEVERE ] Key 81 was pressed by player 0
[2022-12-12 16:35:51] [SEVERE ] Key 87 was pressed by player 0
[2022-12-12 16:35:51] [SEVERE ] placing card 6 in slot 6
[2022-12-12 16:35:51] [SEVERE ] Key 69 was pressed by player 0
[2022-12-12 16:35:51] [SEVERE ] placing card 7 in slot 7
[2022-12-12 16:35:51] [SEVERE ] placing card 8 in slot 8
[2022-12-12 16:35:51] [SEVERE ] placing card 9 in slot 9
[2022-12-12 16:35:51] [SEVERE ] Key 65 was pressed by player 0
[2022-12-12 16:35:51] [SEVERE ] Key 83 was pressed by player 0
[2022-12-12 16:35:51] [SEVERE ] placing card 10 in slot 10
[2022-12-12 16:35:51] [SEVERE ] Key 68 was pressed by player 0
[2022-12-12 16:35:51] [SEVERE ] placing card 11 in slot 11
[2022-12-12 16:35:51] [SEVERE ] placing card 0 in slot 0
[2022-12-12 16:35:51] [SEVERE ] Key 65 was pressed by player 0
[2022-12-12 16:35:52] [SEVERE ] placing card 1 in slot 1
[2022-12-12 16:35:52] [SEVERE ] Key 83 was pressed by player 0
[2022-12-12 16:35:52] [SEVERE ] placing card 2 in slot 2
[2022-12-12 16:35:52] [SEVERE ] Key 68 was pressed by player 0
[2022-12-12 16:35:52] [SEVERE ] placing card 3 in slot 3
[2022-12-12 16:35:52] [SEVERE ] placing card 4 in slot 4
[2022-12-12 16:35:52] [SEVERE ] Key 81 was pressed by player 0
[2022-12-12 16:35:52] [SEVERE ] Key 87 was pressed by player 0
[2022-12-12 16:35:52] [SEVERE ] placing card 5 in slot 5
[2022-12-12 16:35:52] [SEVERE ] Key 69 was pressed by player 0
[2022-12-12 16:35:52] [SEVERE ] placing card 6 in slot 6
[2022-12-12 16:35:52] [SEVERE ] Key 65 was pressed by player 0
[2022-12-12 16:35:52] [SEVERE ] placing card 7 in slot 7
[2022-12-12 16:35:52] [SEVERE ] Key 83 was pressed by player 0
[2022-12-12 16:35:52] [SEVERE ] placing card 8 in slot 8
[2022-12-12 16:35:52] [SEVERE ] Key 68 was pressed by player 0
[2022-12-12 16:35:52] [SEVERE ] placing card 9 in slot 9
[2022-12-12 16:35:52] [SEVERE ] Key 65 was pressed by player 0
[2022-12-12 16:35:52] [SEVERE ] placing card 10 in slot 10
[2022-12-12 16:35:52] [SEVERE ] Key 83 was pressed by player 0
[2022-12-12 16:35:53] [SEVERE ] placing card 11 in slot 11
[2022-12-12 16:35:53] [SEVERE ] Key 68 was pressed by player 0
[2022-12-12 16:35:53] [SEVERE ] placing card 0 in slot 0
[2022-12-12 16:35:53] [SEVERE ] Key 65 was pressed by player 0
[2022-12-12 16:35:53] [SEVERE ] placing card 1 in slot 1
[2022-12-12 16:35:53] [SEVERE ] Key 83 was pressed by player 0
[2022-12-12 16:35:53] [SEVERE ] placing card 2 in slot 2
[2022-12-12 16:35:53] [SEVERE ] Key 68 was pressed by player 0
[2022-12-12 16:35:53] [SEVERE ] placing card 3 in slot 3
[2022-12-12 16:35:53] [SEVERE ] placing card 4 in slot 4
[2022-12-12 16:35:53] [SEVERE ] Key 65 was pressed by player 0
[2022-12-12 16:35:53] [SEVERE ] Key 83 was pressed by player 0
[2022-12-12 16:35:53] [SEVERE ] placing card 5 in slot 5
[2022-12-12 16:35:53] [SEVERE ] Key 68 was pressed by player 0
[2022-12-12 16:35:53] [SEVERE ] placing card 6 in slot 6
[2022-12-12 16:35:53] [SEVERE ] placing card 7 in slot 7
[2022-12-12 16:35:53] [SEVERE ] Key 90 was pressed by player 0
[2022-12-12 16:35:53] [SEVERE ] placing card 8 in slot 8
[2022-12-12 16:35:54] [SEVERE ] Key 88 was pressed by player 0
[2022-12-12 16:35:54] [SEVERE ] placing card 9 in slot 9
[2022-12-12 16:35:54] [SEVERE ] placing card 10 in slot 10
[2022-12-12 16:35:54] [SEVERE ] Key 68 was pressed by player 0
[2022-12-12 16:35:54] [SEVERE ] placing card 11 in slot 11
[2022-12-12 16:35:54] [SEVERE ] placing card 0 in slot 0
[2022-12-12 16:35:54] [SEVERE ] placing card 1 in slot 1
[2022-12-12 16:35:54] [SEVERE ] Key 87 was pressed by player 0
[2022-12-12 16:35:54] [SEVERE ] placing card 2 in slot 2
[2022-12-12 16:35:54] [SEVERE ] placing card 3 in slot 3
[2022-12-12 16:35:54] [SEVERE ] Key 69 was pressed by player 0
[2022-12-12 16:35:54] [SEVERE ] placing card 4 in slot 4
[2022-12-12 16:35:54] [SEVERE ] Key 81 was pressed by player 0
[2022-12-12 16:35:54] [SEVERE ] placing card 5 in slot 5
[2022-12-12 16:35:55] [SEVERE ] placing card 6 in slot 6
[2022-12-12 16:35:55] [SEVERE ] Key 69 was pressed by player 0
[2022-12-12 16:35:55] [SEVERE ] placing card 7 in slot 7
[2022-12-12 16:35:55] [SEVERE ] placing card 8 in slot 8
[2022-12-12 16:35:55] [SEVERE ] Key 81 was pressed by player 0
[2022-12-12 16:35:55] [SEVERE ] Key 87 was pressed by player 0
[2022-12-12 16:35:55] [SEVERE ] placing card 9 in slot 9
[2022-12-12 16:35:55] [SEVERE ] placing card 10 in slot 10
[2022-12-12 16:35:55] [SEVERE ] Key 69 was pressed by player 0
[2022-12-12 16:35:55] [SEVERE ] placing card 11 in slot 11
[2022-12-12 16:35:55] [SEVERE ] placing card 0 in slot 0
[2022-12-12 16:35:55] [SEVERE ] placing card 1 in slot 1
[2022-12-12 16:35:55] [SEVERE ] placing card 2 in slot 2
[2022-12-12 16:35:55] [SEVERE ] placing card 3 in slot 3
[2022-12-12 16:35:56] [SEVERE ] placing card 4 in slot 4
[2022-12-12 16:35:56] [SEVERE ] placing card 5 in slot 5
[2022-12-12 16:35:56] [SEVERE ] placing card 6 in slot 6
[2022-12-12 16:35:56] [SEVERE ] placing card 7 in slot 7
[2022-12-12 16:35:56] [SEVERE ] placing card 8 in slot 8
[2022-12-12 16:35:56] [SEVERE ] placing card 9 in slot 9
[2022-12-12 16:35:56] [SEVERE ] placing card 10 in slot 10
[2022-12-12 16:35:56] [SEVERE ] placing card 11 in slot 11
[2022-12-12 16:35:56] [SEVERE ] placing card 0 in slot 0
[2022-12-12 16:35:57] [SEVERE ] placing card 1 in slot 1
[2022-12-12 16:35:57] [SEVERE ] placing card 2 in slot 2
[2022-12-12 16:35:57] [SEVERE ] placing card 3 in slot 3
[2022-12-12 16:35:57] [SEVERE ] placing card 4 in slot 4
[2022-12-12 16:35:57] [SEVERE ] placing card 5 in slot 5
[2022-12-12 16:35:57] [SEVERE ] placing card 6 in slot 6
[2022-12-12 16:35:57] [SEVERE ] placing card 7 in slot 7
[2022-12-12 16:35:57] [SEVERE ] placing card 8 in slot 8
[2022-12-12 16:35:57] [SEVERE ] placing card 9 in slot 9
[2022-12-12 16:35:57] [SEVERE ] placing card 10 in slot 10
[2022-12-12 16:35:58] [SEVERE ] placing card 11 in slot 11
[2022-12-12 16:35:58] [SEVERE ] placing card 0 in slot 0
[2022-12-12 16:35:58] [SEVERE ] placing card 1 in slot 1
[2022-12-12 16:35:58] [SEVERE ] placing card 2 in slot 2
[2022-12-12 16:35:58] [SEVERE ] placing card 3 in slot 3
[2022-12-12 16:35:58] [SEVERE ] placing card 4 in slot 4
[2022-12-12 16:35:58] [SEVERE ] placing card 5 in slot 5
[2022-12-12 16:35:58] [SEVERE ] placing card 6 in slot 6
[2022-12-12 16:35:58] [SEVERE ] placing card 7 in slot 7
[2022-12-12 16:35:59] [SEVERE ] placing card 8 in slot 8
[2022-12-12 16:35:59] [SEVERE ] placing card 9 in slot 9
[2022-12-12 16:35:59] [SEVERE ] placing card 10 in slot 10
[2022-12-12 16:35:59] [SEVERE ] placing card 11 in slot 11
[2022-12-12 16:35:59] [SEVERE ] placing card 0 in slot 0
[2022-12-12 16:35:59] [SEVERE ] placing card 1 in slot 1
[2022-12-12 16:35:59] [SEVERE ] placing card 2 in slot 2
[2022-12-12 16:35:59] [SEVERE ] placing card 3 in slot 3
[2022-12-12 16:35:59] [SEVERE ] placing card 4 in slot 4
[2022-12-12 16:35:59] [SEVERE ] placing card 5 in slot 5
[2022-12-12 16:36:00] [SEVERE ] placing card 6 in slot 6
[2022-12-12 16:36:00] [SEVERE ] placing card 7 in slot 7
[2022-12-12 16:36:00] [SEVERE ] placing card 8 in slot 8
[2022-12-12 16:36:00] [SEVERE ] placing card 9 in slot 9
[2022-12-12 16:36:00] [SEVERE ] placing card 10 in slot 10
[2022-12-12 16:36:00] [SEVERE ] placing card 11 in slot 11
[2022-12-12 16:36:00] [SEVERE ] placing card 0 in slot 0
[2022-12-12 16:36:00] [SEVERE ] placing card 1 in slot 1
[2022-12-12 16:36:00] [SEVERE ] placing card 2 in slot 2
[2022-12-12 16:36:00] [SEVERE ] placing card 3 in slot 3
[2022-12-12 16:36:01] [SEVERE ] placing card 4 in slot 4
[2022-12-12 16:36:01] [SEVERE ] placing card 5 in slot 5
[2022-12-12 16:36:01] [SEVERE ] placing card 6 in slot 6
[2022-12-12 16:36:01] [SEVERE ] placing card 7 in slot 7
[2022-12-12 16:36:01] [SEVERE ] placing card 8 in slot 8
[2022-12-12 16:36:01] [SEVERE ] placing card 9 in slot 9
[2022-12-12 16:36:01] [SEVERE ] placing card 10 in slot 10
[2022-12-12 16:36:01] [SEVERE ] placing card 11 in slot 11
[2022-12-12 16:36:01] [SEVERE ] placing card 0 in slot 0
[2022-12-12 16:36:02] [SEVERE ] placing card 1 in slot 1
[2022-12-12 16:36:02] [SEVERE ] placing card 2 in slot 2
[2022-12-12 16:36:02] [SEVERE ] placing card 3 in slot 3
[2022-12-12 16:36:02] [SEVERE ] placing card 4 in slot 4
[2022-12-12 16:36:02] [SEVERE ] placing card 5 in slot 5
[2022-12-12 16:36:02] [SEVERE ] placing card 6 in slot 6
[2022-12-12 16:36:02] [SEVERE ] placing card 7 in slot 7
[2022-12-12 16:36:02] [SEVERE ] placing card 8 in slot 8
[2022-12-12 16:36:02] [SEVERE ] placing card 9 in slot 9
[2022-12-12 16:36:02] [SEVERE ] placing card 10 in slot 10
[2022-12-12 16:36:03] [SEVERE ] placing card 11 in slot 11
[2022-12-12 16:36:03] [SEVERE ] placing card 0 in slot 0
[2022-12-12 16:36:03] [SEVERE ] placing card 1 in slot 1
[2022-12-12 16:36:03] [SEVERE ] placing card 2 in slot 2
[2022-12-12 16:36:03] [SEVERE ] placing card 3 in slot 3
[2022-12-12 16:36:03] [SEVERE ] placing card 4 in slot 4
[2022-12-12 16:36:03] [SEVERE ] placing card 5 in slot 5
[2022-12-12 16:36:03] [SEVERE ] placing card 6 in slot 6
[2022-12-12 16:36:03] [SEVERE ] placing card 7 in slot 7
[2022-12-12 16:36:04] [SEVERE ] placing card 8 in slot 8
[2022-12-12 16:36:04] [SEVERE ] placing card 9 in slot 9
[2022-12-12 16:36:04] [SEVERE ] placing card 10 in slot 10
[2022-12-12 16:36:04] [SEVERE ] placing card 11 in slot 11
[2022-12-12 16:36:04] [SEVERE ] placing card 0 in slot 0
[2022-12-12 16:36:04] [SEVERE ] placing card 1 in slot 1
[2022-12-12 16:36:04] [SEVERE ] placing card 2 in slot 2
[2022-12-12 16:36:04] [SEVERE ] placing card 3 in slot 3
[2022-12-12 16:36:04] [SEVERE ] placing card 4 in slot 4
[2022-12-12 16:36:04] [SEVERE ] placing card 5 in slot 5
[2022-12-12 16:36:05] [SEVERE ] placing card 6 in slot 6
[2022-12-12 16:36:05] [SEVERE ] placing card 7 in slot 7
[2022-12-12 16:36:05] [SEVERE ] placing card 8 in slot 8
[2022-12-12 16:36:05] [SEVERE ] placing card 9 in slot 9
[2022-12-12 16:36:05] [SEVERE ] placing card 10 in slot 10
[2022-12-12 16:36:05] [SEVERE ] placing card 11 in slot 11
[2022-12-12 16:36:05] [SEVERE ] placing card 0 in slot 0
[2022-12-12 16:36:05] [SEVERE ] placing card 1 in slot 1
[2022-12-12 16:36:05] [SEVERE ] placing card 2 in slot 2
[2022-12-12 16:36:06] [SEVERE ] placing card 3 in slot 3
[2022-12-12 16:36:06] [SEVERE ] placing card 4 in slot 4
[2022-12-12 16:36:06] [SEVERE ] placing card 5 in slot 5
[2022-12-12 16:36:06] [SEVERE ] placing card 6 in slot 6
[2022-12-12 16:36:06] [SEVERE ] placing card 7 in slot 7
[2022-12-12 16:36:06] [SEVERE ] placing card 8 in slot 8
[2022-12-12 16:36:06] [SEVERE ] placing card 9 in slot 9
[2022-12-12 16:36:06] [SEVERE ] placing card 10 in slot 10
[2022-12-12 16:36:06] [SEVERE ] placing card 11 in slot 11
[2022-12-12 16:36:06] [SEVERE ] placing card 0 in slot 0
[2022-12-12 16:36:07] [SEVERE ] placing card 1 in slot 1
[2022-12-12 16:36:07] [SEVERE ] placing card 2 in slot 2
[2022-12-12 16:36:07] [SEVERE ] placing card 3 in slot 3
[2022-12-12 16:36:07] [SEVERE ] placing card 4 in slot 4
[2022-12-12 16:36:07] [SEVERE ] placing card 5 in slot 5
[2022-12-12 16:36:07] [SEVERE ] placing card 6 in slot 6
[2022-12-12 16:36:07] [SEVERE ] placing card 7 in slot 7
[2022-12-12 16:36:07] [SEVERE ] placing card 8 in slot 8
[2022-12-12 16:36:07] [SEVERE ] placing card 9 in slot 9
[2022-12-12 16:36:08] [SEVERE ] placing card 10 in slot 10
[2022-12-12 16:36:08] [SEVERE ] placing card 11 in slot 11
[2022-12-12 16:36:08] [SEVERE ] placing card 0 in slot 0
[2022-12-12 16:36:08] [SEVERE ] placing card 1 in slot 1
[2022-12-12 16:36:08] [SEVERE ] placing card 2 in slot 2
[2022-12-12 16:36:08] [SEVERE ] placing card 3 in slot 3
[2022-12-12 16:36:08] [SEVERE ] placing card 4 in slot 4
[2022-12-12 16:36:08] [SEVERE ] placing card 5 in slot 5
[2022-12-12 16:36:08] [SEVERE ] placing card 6 in slot 6
[2022-12-12 16:36:08] [SEVERE ] placing card 7 in slot 7
[2022-12-12 16:36:09] [SEVERE ] placing card 8 in slot 8
[2022-12-12 16:36:09] [SEVERE ] placing card 9 in slot 9
[2022-12-12 16:36:09] [SEVERE ] placing card 10 in slot 10
[2022-12-12 16:36:09] [SEVERE ] placing card 11 in slot 11
[2022-12-12 16:36:09] [SEVERE ] placing card 0 in slot 0
[2022-12-12 16:36:09] [SEVERE ] placing card 1 in slot 1
[2022-12-12 16:36:09] [SEVERE ] placing card 2 in slot 2
[2022-12-12 16:36:09] [SEVERE ] placing card 3 in slot 3
[2022-12-12 16:36:09] [SEVERE ] placing card 4 in slot 4
[2022-12-12 16:36:09] [SEVERE ] placing card 5 in slot 5
[2022-12-12 16:36:10] [SEVERE ] placing card 6 in slot 6
[2022-12-12 16:36:10] [SEVERE ] placing card 7 in slot 7
[2022-12-12 16:36:10] [SEVERE ] placing card 8 in slot 8
[2022-12-12 16:36:10] [SEVERE ] placing card 9 in slot 9
[2022-12-12 16:36:10] [SEVERE ] placing card 10 in slot 10
[2022-12-12 16:36:10] [SEVERE ] placing card 11 in slot 11
[2022-12-12 16:36:10] [SEVERE ] placing card 0 in slot 0
[2022-12-12 16:36:10] [SEVERE ] placing card 1 in slot 1
[2022-12-12 16:36:10] [SEVERE ] placing card 2 in slot 2
[2022-12-12 16:36:11] [SEVERE ] placing card 3 in slot 3
[2022-12-12 16:36:11] [SEVERE ] placing card 4 in slot 4
[2022-12-12 16:36:11] [SEVERE ] placing card 5 in slot 5
[2022-12-12 16:36:11] [SEVERE ] placing card 6 in slot 6
[2022-12-12 16:36:11] [SEVERE ] placing card 7 in slot 7
[2022-12-12 16:36:11] [SEVERE ] placing card 8 in slot 8
[2022-12-12 16:36:11] [SEVERE ] placing card 9 in slot 9
[2022-12-12 16:36:11] [SEVERE ] placing card 10 in slot 10
[2022-12-12 16:36:11] [SEVERE ] placing card 11 in slot 11
[2022-12-12 16:36:11] [SEVERE ] placing card 0 in slot 0
[2022-12-12 16:36:12] [SEVERE ] placing card 1 in slot 1
[2022-12-12 16:36:12] [SEVERE ] placing card 2 in slot 2
[2022-12-12 16:36:12] [SEVERE ] placing card 3 in slot 3
[2022-12-12 16:36:12] [SEVERE ] placing card 4 in slot 4
[2022-12-12 16:36:12] [SEVERE ] placing card 5 in slot 5
[2022-12-12 16:36:12] [SEVERE ] placing card 6 in slot 6
[2022-12-12 16:36:12] [SEVERE ] placing card 7 in slot 7
[2022-12-12 16:36:12] [SEVERE ] placing card 8 in slot 8
[2022-12-12 16:36:12] [SEVERE ] placing card 9 in slot 9
[2022-12-12 16:36:13] [SEVERE ] placing card 10 in slot 10
[2022-12-12 16:36:13] [SEVERE ] placing card 11 in slot 11
[2022-12-12 16:36:13] [SEVERE ] placing card 0 in slot 0
[2022-12-12 16:36:13] [SEVERE ] placing card 1 in slot 1
[2022-12-12 16:36:13] [SEVERE ] placing card 2 in slot 2
[2022-12-12 16:36:13] [SEVERE ] placing card 3 in slot 3
[2022-12-12 16:36:13] [SEVERE ] placing card 4 in slot 4
[2022-12-12 16:36:13] [SEVERE ] placing card 5 in slot 5
[2022-12-12 16:36:13] [SEVERE ] placing card 6 in slot 6
[2022-12-12 16:36:13] [SEVERE ] placing card 7 in slot 7
[2022-12-12 16:36:14] [SEVERE ] placing card 8 in slot 8
[2022-12-12 16:36:14] [SEVERE ] placing card 9 in slot 9
[2022-12-12 16:36:14] [SEVERE ] placing card 10 in slot 10
[2022-12-12 16:36:14] [SEVERE ] placing card 11 in slot 11
[2022-12-12 16:36:14] [SEVERE ] placing card 0 in slot 0
[2022-12-12 16:36:14] [SEVERE ] placing card 1 in slot 1
[2022-12-12 16:36:14] [SEVERE ] placing card 2 in slot 2
[2022-12-12 16:36:14] [SEVERE ] placing card 3 in slot 3
[2022-12-12 16:36:14] [SEVERE ] placing card 4 in slot 4
[2022-12-12 16:36:15] [SEVERE ] placing card 5 in slot 5
[2022-12-12 16:36:15] [SEVERE ] placing card 6 in slot 6
[2022-12-12 16:36:15] [SEVERE ] placing card 7 in slot 7
[2022-12-12 16:36:15] [SEVERE ] placing card 8 in slot 8
[2022-12-12 16:36:15] [SEVERE ] placing card 9 in slot 9
[2022-12-12 16:36:15] [SEVERE ] placing card 10 in slot 10
[2022-12-12 16:36:15] [SEVERE ] placing card 11 in slot 11
[2022-12-12 16:36:15] [SEVERE ] placing card 0 in slot 0
[2022-12-12 16:36:15] [SEVERE ] placing card 1 in slot 1
[2022-12-12 16:36:15] [SEVERE ] placing card 2 in slot 2
[2022-12-12 16:36:16] [SEVERE ] placing card 3 in slot 3
[2022-12-12 16:36:16] [SEVERE ] placing card 4 in slot 4
[2022-12-12 16:36:16] [SEVERE ] placing card 5 in slot 5
[2022-12-12 16:36:16] [SEVERE ] placing card 6 in slot 6
[2022-12-12 16:36:16] [SEVERE ] placing card 7 in slot 7
[2022-12-12 16:36:16] [SEVERE ] placing card 8 in slot 8
[2022-12-12 16:36:16] [SEVERE ] placing card 9 in slot 9
[2022-12-12 16:36:16] [SEVERE ] placing card 10 in slot 10
[2022-12-12 16:36:16] [SEVERE ] placing card 11 in slot 11
[2022-12-12 16:36:16] [SEVERE ] placing card 0 in slot 0
[2022-12-12 16:36:17] [SEVERE ] placing card 1 in slot 1
[2022-12-12 16:36:17] [SEVERE ] placing card 2 in slot 2
[2022-12-12 16:36:17] [SEVERE ] placing card 3 in slot 3
[2022-12-12 16:36:17] [SEVERE ] placing card 4 in slot 4
[2022-12-12 16:36:17] [SEVERE ] placing card 5 in slot 5
[2022-12-12 16:36:17] [SEVERE ] placing card 6 in slot 6
[2022-12-12 16:36:17] [SEVERE ] placing card 7 in slot 7
[2022-12-12 16:36:17] [SEVERE ] placing card 8 in slot 8
[2022-12-12 16:36:17] [SEVERE ] placing card 9 in slot 9
[2022-12-12 16:36:18] [SEVERE ] placing card 10 in slot 10
[2022-12-12 16:36:18] [SEVERE ] placing card 11 in slot 11
[2022-12-12 16:36:18] [SEVERE ] placing card 0 in slot 0
[2022-12-12 16:36:18] [SEVERE ] placing card 1 in slot 1
[2022-12-12 16:36:18] [SEVERE ] placing card 2 in slot 2
[2022-12-12 16:36:18] [SEVERE ] placing card 3 in slot 3
[2022-12-12 16:36:18] [SEVERE ] placing card 4 in slot 4
[2022-12-12 16:36:18] [SEVERE ] placing card 5 in slot 5
[2022-12-12 16:36:18] [SEVERE ] placing card 6 in slot 6
[2022-12-12 16:36:18] [SEVERE ] placing card 7 in slot 7
[2022-12-12 16:36:19] [SEVERE ] placing card 8 in slot 8
[2022-12-12 16:36:19] [SEVERE ] placing card 9 in slot 9
[2022-12-12 16:36:19] [SEVERE ] placing card 10 in slot 10
[2022-12-12 16:36:19] [SEVERE ] placing card 11 in slot 11
[2022-12-12 16:36:19] [SEVERE ] placing card 0 in slot 0
[2022-12-12 16:36:19] [SEVERE ] placing card 1 in slot 1
[2022-12-12 16:36:19] [SEVERE ] placing card 2 in slot 2
[2022-12-12 16:36:19] [SEVERE ] placing card 3 in slot 3
[2022-12-12 16:36:19] [SEVERE ] placing card 4 in slot 4
[2022-12-12 16:36:20] [SEVERE ] placing card 5 in slot 5
[2022-12-12 16:36:20] [SEVERE ] placing card 6 in slot 6
[2022-12-12 16:36:20] [SEVERE ] placing card 7 in slot 7
[2022-12-12 16:36:20] [SEVERE ] placing card 8 in slot 8
[2022-12-12 16:36:20] [SEVERE ] placing card 9 in slot 9
[2022-12-12 16:36:20] [SEVERE ] placing card 10 in slot 10
[2022-12-12 16:36:20] [SEVERE ] placing card 11 in slot 11
[2022-12-12 16:36:20] [SEVERE ] placing card 0 in slot 0
[2022-12-12 16:36:20] [SEVERE ] placing card 1 in slot 1
[2022-12-12 16:36:20] [SEVERE ] placing card 2 in slot 2
[2022-12-12 16:36:21] [SEVERE ] placing card 3 in slot 3
[2022-12-12 16:36:21] [SEVERE ] placing card 4 in slot 4
[2022-12-12 16:36:21] [SEVERE ] placing card 5 in slot 5
[2022-12-12 16:36:21] [SEVERE ] placing card 6 in slot 6
[2022-12-12 16:36:21] [SEVERE ] placing card 7 in slot 7
[2022-12-12 16:36:21] [SEVERE ] placing card 8 in slot 8
[2022-12-12 16:36:21] [SEVERE ] placing card 9 in slot 9
[2022-12-12 16:36:21] [SEVERE ] placing card 10 in slot 10
[2022-12-12 16:36:21] [SEVERE ] placing card 11 in slot 11
[2022-12-12 16:36:21] [SEVERE ] placing card 0 in slot 0
[2022-12-12 16:36:22] [SEVERE ] placing card 1 in slot 1
[2022-12-12 16:36:22] [SEVERE ] placing card 2 in slot 2
[2022-12-12 16:36:22] [SEVERE ] placing card 3 in slot 3
[2022-12-12 16:36:22] [SEVERE ] placing card 4 in slot 4
[2022-12-12 16:36:22] [SEVERE ] placing card 5 in slot 5
[2022-12-12 16:36:22] [SEVERE ] placing card 6 in slot 6
[2022-12-12 16:36:22] [SEVERE ] placing card 7 in slot 7
[2022-12-12 16:36:22] [SEVERE ] placing card 8 in slot 8
[2022-12-12 16:36:22] [SEVERE ] placing card 9 in slot 9
[2022-12-12 16:36:23] [SEVERE ] placing card 10 in slot 10
[2022-12-12 16:36:23] [SEVERE ] placing card 11 in slot 11
[2022-12-12 16:36:23] [SEVERE ] placing card 0 in slot 0
[2022-12-12 16:36:23] [SEVERE ] placing card 1 in slot 1
[2022-12-12 16:36:23] [SEVERE ] placing card 2 in slot 2
[2022-12-12 16:36:23] [SEVERE ] placing card 3 in slot 3
[2022-12-12 16:36:23] [SEVERE ] placing card 4 in slot 4
[2022-12-12 16:36:23] [SEVERE ] placing card 5 in slot 5
[2022-12-12 16:36:23] [SEVERE ] placing card 6 in slot 6
[2022-12-12 16:36:23] [SEVERE ] placing card 7 in slot 7
[2022-12-12 16:36:24] [SEVERE ] placing card 8 in slot 8
[2022-12-12 16:36:24] [SEVERE ] placing card 9 in slot 9
[2022-12-12 16:36:24] [SEVERE ] placing card 10 in slot 10
[2022-12-12 16:36:24] [SEVERE ] placing card 11 in slot 11
[2022-12-12 16:36:24] [SEVERE ] placing card 0 in slot 0
[2022-12-12 16:36:24] [SEVERE ] placing card 1 in slot 1
[2022-12-12 16:36:24] [SEVERE ] placing card 2 in slot 2
[2022-12-12 16:36:24] [SEVERE ] placing card 3 in slot 3
[2022-12-12 16:36:24] [SEVERE ] placing card 4 in slot 4
[2022-12-12 16:36:25] [SEVERE ] placing card 5 in slot 5
[2022-12-12 16:36:25] [SEVERE ] placing card 6 in slot 6
[2022-12-12 16:36:25] [SEVERE ] placing card 7 in slot 7
[2022-12-12 16:36:25] [SEVERE ] placing card 8 in slot 8
[2022-12-12 16:36:25] [SEVERE ] placing card 9 in slot 9
[2022-12-12 16:36:25] [SEVERE ] placing card 10 in slot 10
[2022-12-12 16:36:25] [SEVERE ] placing card 11 in slot 11
[2022-12-12 16:36:25] [SEVERE ] placing card 0 in slot 0
[2022-12-12 16:36:25] [SEVERE ] placing card 1 in slot 1
[2022-12-12 16:36:25] [SEVERE ] placing card 2 in slot 2
[2022-12-12 16:36:26] [SEVERE ] placing card 3 in slot 3
[2022-12-12 16:36:26] [SEVERE ] placing card 4 in slot 4
[2022-12-12 16:36:26] [SEVERE ] placing card 5 in slot 5
[2022-12-12 16:36:26] [SEVERE ] placing card 6 in slot 6
[2022-12-12 16:36:26] [SEVERE ] placing card 7 in slot 7
[2022-12-12 16:36:26] [SEVERE ] placing card 8 in slot 8
[2022-12-12 16:36:26] [SEVERE ] placing card 9 in slot 9
[2022-12-12 16:36:26] [SEVERE ] placing card 10 in slot 10
[2022-12-12 16:36:26] [SEVERE ] placing card 11 in slot 11
[2022-12-12 16:36:26] [SEVERE ] placing card 0 in slot 0
[2022-12-12 16:36:27] [SEVERE ] placing card 1 in slot 1
[2022-12-12 16:36:27] [SEVERE ] placing card 2 in slot 2
[2022-12-12 16:36:27] [SEVERE ] placing card 3 in slot 3
[2022-12-12 16:36:27] [SEVERE ] placing card 4 in slot 4
[2022-12-12 16:36:27] [SEVERE ] placing card 5 in slot 5
[2022-12-12 16:36:27] [SEVERE ] placing card 6 in slot 6
[2022-12-12 16:36:27] [SEVERE ] placing card 7 in slot 7
[2022-12-12 16:36:27] [SEVERE ] placing card 8 in slot 8
[2022-12-12 16:36:27] [SEVERE ] placing card 9 in slot 9
[2022-12-12 16:36:28] [SEVERE ] placing card 10 in slot 10
[2022-12-12 16:36:28] [SEVERE ] placing card 11 in slot 11
[2022-12-12 16:36:28] [SEVERE ] placing card 0 in slot 0
[2022-12-12 16:36:28] [SEVERE ] placing card 1 in slot 1
[2022-12-12 16:36:28] [SEVERE ] placing card 2 in slot 2
[2022-12-12 16:36:28] [SEVERE ] placing card 3 in slot 3
[2022-12-12 16:36:28] [SEVERE ] placing card 4 in slot 4
[2022-12-12 16:36:28] [SEVERE ] placing card 5 in slot 5
[2022-12-12 16:36:28] [SEVERE ] placing card 6 in slot 6
[2022-12-12 16:36:28] [SEVERE ] placing card 7 in slot 7
[2022-12-12 16:36:29] [SEVERE ] placing card 8 in slot 8
[2022-12-12 16:36:29] [SEVERE ] placing card 9 in slot 9
[2022-12-12 16:36:29] [SEVERE ] placing card 10 in slot 10
[2022-12-12 16:36:29] [SEVERE ] placing card 11 in slot 11
[2022-12-12 16:36:29] [SEVERE ] placing card 0 in slot 0
[2022-12-12 16:36:29] [SEVERE ] placing card 1 in slot 1
[2022-12-12 16:36:29] [SEVERE ] placing card 2 in slot 2
[2022-12-12 16:36:29] [SEVERE ] placing card 3 in slot 3
[2022-12-12 16:36:29] [SEVERE ] placing card 4 in slot 4
[2022-12-12 16:36:30] [SEVERE ] placing card 5 in slot 5
[2022-12-12 16:36:30] [SEVERE ] placing card 6 in slot 6
[2022-12-12 16:36:30] [SEVERE ] placing card 7 in slot 7
[2022-12-12 16:36:30] [SEVERE ] placing card 8 in slot 8
[2022-12-12 16:36:30] [SEVERE ] placing card 9 in slot 9
[2022-12-12 16:36:30] [SEVERE ] placing card 10 in slot 10
[2022-12-12 16:36:30] [SEVERE ] placing card 11 in slot 11
[2022-12-12 16:36:30] [SEVERE ] placing card 0 in slot 0
[2022-12-12 16:36:30] [SEVERE ] placing card 1 in slot 1
[2022-12-12 16:36:30] [SEVERE ] placing card 2 in slot 2
[2022-12-12 16:36:31] [SEVERE ] placing card 3 in slot 3
[2022-12-12 16:36:31] [SEVERE ] placing card 4 in slot 4
[2022-12-12 16:36:31] [SEVERE ] placing card 5 in slot 5
[2022-12-12 16:36:31] [SEVERE ] placing card 6 in slot 6
[2022-12-12 16:36:31] [SEVERE ] placing card 7 in slot 7
[2022-12-12 16:36:31] [SEVERE ] placing card 8 in slot 8
[2022-12-12 16:36:31] [SEVERE ] placing card 9 in slot 9
[2022-12-12 16:36:31] [SEVERE ] placing card 10 in slot 10
[2022-12-12 16:36:31] [SEVERE ] placing card 11 in slot 11
[2022-12-12 16:36:31] [SEVERE ] placing card 0 in slot 0
[2022-12-12 16:36:32] [SEVERE ] placing card 1 in slot 1
[2022-12-12 16:36:32] [SEVERE ] placing card 2 in slot 2
[2022-12-12 16:36:32] [SEVERE ] placing card 3 in slot 3
[2022-12-12 16:36:32] [SEVERE ] placing card 4 in slot 4
[2022-12-12 16:36:32] [SEVERE ] placing card 5 in slot 5
[2022-12-12 16:36:32] [SEVERE ] placing card 6 in slot 6
[2022-12-12 16:36:32] [SEVERE ] placing card 7 in slot 7
[2022-12-12 16:36:32] [SEVERE ] placing card 8 in slot 8
[2022-12-12 16:36:32] [SEVERE ] placing card 9 in slot 9
[2022-12-12 16:36:33] [SEVERE ] placing card 10 in slot 10
