[2022-12-12 19:53:06] [INFO   ] cannot read configuration file config.properties trying from resources.
[2022-12-12 19:53:06] [INFO   ] configuration file was loaded from resources directory.
[2022-12-12 19:53:07] [INFO   ] Thread dealer starting.
[2022-12-12 19:53:07] [SEVERE ] placing card 80 in slot 0
[2022-12-12 19:53:07] [SEVERE ] placing card 73 in slot 1
[2022-12-12 19:53:07] [SEVERE ] placing card 56 in slot 2
[2022-12-12 19:53:07] [SEVERE ] placing card 48 in slot 3
[2022-12-12 19:53:07] [SEVERE ] placing card 8 in slot 4
[2022-12-12 19:53:07] [SEVERE ] placing card 35 in slot 5
[2022-12-12 19:53:07] [SEVERE ] placing card 25 in slot 6
[2022-12-12 19:53:07] [SEVERE ] placing card 37 in slot 7
[2022-12-12 19:53:08] [SEVERE ] placing card 72 in slot 8
[2022-12-12 19:53:08] [SEVERE ] placing card 68 in slot 9
[2022-12-12 19:53:08] [SEVERE ] placing card 64 in slot 10
[2022-12-12 19:53:08] [SEVERE ] placing card 40 in slot 11
[2022-12-12 19:53:11] [SEVERE ] Key 88 was pressed by player 0
[2022-12-12 19:53:11] [SEVERE ] Key 67 was pressed by player 0
[2022-12-12 19:53:12] [SEVERE ] Key 86 was pressed by player 0
[2022-12-12 19:53:12] [SEVERE ] Key 83 was pressed by player 0
[2022-12-12 19:53:12] [SEVERE ] Key 65 was pressed by player 0
[2022-12-12 19:53:12] [SEVERE ] Key 68 was pressed by player 0
[2022-12-12 19:53:12] [SEVERE ] Key 65 was pressed by player 0
[2022-12-12 19:53:12] [SEVERE ] Key 83 was pressed by player 0
[2022-12-12 19:53:12] [SEVERE ] Key 70 was pressed by player 0
[2022-12-12 19:53:13] [SEVERE ] Key 90 was pressed by player 0
[2022-12-12 19:53:13] [SEVERE ] Key 68 was pressed by player 0
[2022-12-12 19:53:13] [SEVERE ] Key 70 was pressed by player 0
[2022-12-12 19:53:13] [SEVERE ] Key 65 was pressed by player 0
[2022-12-12 19:53:13] [SEVERE ] Key 83 was pressed by player 0
[2022-12-12 19:53:13] [SEVERE ] Key 70 was pressed by player 0
[2022-12-12 19:53:13] [SEVERE ] Key 88 was pressed by player 0
[2022-12-12 19:53:13] [SEVERE ] Key 67 was pressed by player 0
[2022-12-12 19:53:13] [SEVERE ] Key 70 was pressed by player 0
[2022-12-12 19:53:14] [SEVERE ] Key 67 was pressed by player 0
[2022-12-12 19:53:14] [SEVERE ] Key 88 was pressed by player 0
[2022-12-12 19:53:14] [SEVERE ] Key 70 was pressed by player 0
[2022-12-12 19:53:14] [SEVERE ] Key 67 was pressed by player 0
[2022-12-12 19:53:14] [SEVERE ] Key 88 was pressed by player 0
[2022-12-12 19:53:14] [SEVERE ] Key 70 was pressed by player 0
[2022-12-12 19:54:07] [SEVERE ] placing card 32 in slot 0
[2022-12-12 19:54:07] [SEVERE ] placing card 23 in slot 1
[2022-12-12 19:54:07] [SEVERE ] placing card 11 in slot 2
[2022-12-12 19:54:07] [SEVERE ] placing card 12 in slot 3
[2022-12-12 19:54:07] [SEVERE ] placing card 42 in slot 4
[2022-12-12 19:54:08] [SEVERE ] placing card 48 in slot 5
[2022-12-12 19:54:08] [SEVERE ] placing card 39 in slot 6
[2022-12-12 19:54:08] [SEVERE ] placing card 69 in slot 7
[2022-12-12 19:54:08] [SEVERE ] placing card 80 in slot 8
[2022-12-12 19:54:08] [SEVERE ] placing card 49 in slot 9
[2022-12-12 19:54:08] [SEVERE ] placing card 64 in slot 10
[2022-12-12 19:54:08] [SEVERE ] placing card 35 in slot 11
