[2022-12-12 18:56:14] [INFO   ] cannot read configuration file config.properties trying from resources.
[2022-12-12 18:56:14] [INFO   ] configuration file was loaded from resources directory.
[2022-12-12 18:56:15] [INFO   ] Thread dealer starting.
[2022-12-12 18:56:15] [SEVERE ] placing card 0 in slot 0
[2022-12-12 18:56:15] [SEVERE ] placing card 1 in slot 1
[2022-12-12 18:56:15] [SEVERE ] placing card 2 in slot 2
[2022-12-12 18:56:16] [SEVERE ] placing card 3 in slot 3
[2022-12-12 18:56:16] [SEVERE ] placing card 4 in slot 4
[2022-12-12 18:56:16] [SEVERE ] placing card 5 in slot 5
[2022-12-12 18:56:16] [SEVERE ] placing card 6 in slot 6
[2022-12-12 18:56:16] [SEVERE ] placing card 7 in slot 7
[2022-12-12 18:56:16] [SEVERE ] placing card 8 in slot 8
[2022-12-12 18:56:16] [SEVERE ] placing card 9 in slot 9
[2022-12-12 18:56:16] [SEVERE ] placing card 10 in slot 10
[2022-12-12 18:56:16] [SEVERE ] placing card 11 in slot 11
[2022-12-12 18:56:16] [SEVERE ] placing card 0 in slot 0
[2022-12-12 18:56:17] [SEVERE ] placing card 1 in slot 1
[2022-12-12 18:56:17] [SEVERE ] placing card 2 in slot 2
[2022-12-12 18:56:17] [SEVERE ] placing card 3 in slot 3
[2022-12-12 18:56:17] [SEVERE ] placing card 4 in slot 4
[2022-12-12 18:56:17] [SEVERE ] placing card 5 in slot 5
[2022-12-12 18:56:17] [SEVERE ] placing card 6 in slot 6
[2022-12-12 18:56:17] [SEVERE ] placing card 7 in slot 7
[2022-12-12 18:56:17] [SEVERE ] placing card 8 in slot 8
[2022-12-12 18:56:17] [SEVERE ] placing card 9 in slot 9
[2022-12-12 18:56:18] [SEVERE ] placing card 10 in slot 10
[2022-12-12 18:56:18] [SEVERE ] placing card 11 in slot 11
[2022-12-12 18:56:18] [SEVERE ] placing card 0 in slot 0
[2022-12-12 18:56:18] [SEVERE ] placing card 1 in slot 1
[2022-12-12 18:56:18] [SEVERE ] placing card 2 in slot 2
[2022-12-12 18:56:18] [SEVERE ] placing card 3 in slot 3
[2022-12-12 18:56:18] [SEVERE ] placing card 4 in slot 4
[2022-12-12 18:56:18] [SEVERE ] placing card 5 in slot 5
[2022-12-12 18:56:18] [SEVERE ] placing card 6 in slot 6
[2022-12-12 18:56:18] [SEVERE ] placing card 7 in slot 7
[2022-12-12 18:56:19] [SEVERE ] placing card 8 in slot 8
[2022-12-12 18:56:19] [SEVERE ] placing card 9 in slot 9
[2022-12-12 18:56:19] [SEVERE ] placing card 10 in slot 10
[2022-12-12 18:56:19] [SEVERE ] placing card 11 in slot 11
[2022-12-12 18:56:19] [SEVERE ] placing card 0 in slot 0
[2022-12-12 18:56:19] [SEVERE ] placing card 1 in slot 1
[2022-12-12 18:56:19] [SEVERE ] placing card 2 in slot 2
[2022-12-12 18:56:19] [SEVERE ] placing card 3 in slot 3
[2022-12-12 18:56:19] [SEVERE ] placing card 4 in slot 4
[2022-12-12 18:56:20] [SEVERE ] placing card 5 in slot 5
[2022-12-12 18:56:20] [SEVERE ] placing card 6 in slot 6
[2022-12-12 18:56:20] [SEVERE ] placing card 7 in slot 7
[2022-12-12 18:56:20] [SEVERE ] placing card 8 in slot 8
[2022-12-12 18:56:20] [SEVERE ] placing card 9 in slot 9
[2022-12-12 18:56:20] [SEVERE ] placing card 10 in slot 10
[2022-12-12 18:56:20] [SEVERE ] placing card 11 in slot 11
[2022-12-12 18:56:20] [SEVERE ] placing card 0 in slot 0
[2022-12-12 18:56:20] [SEVERE ] placing card 1 in slot 1
[2022-12-12 18:56:20] [SEVERE ] placing card 2 in slot 2
[2022-12-12 18:56:21] [SEVERE ] placing card 3 in slot 3
[2022-12-12 18:56:21] [SEVERE ] placing card 4 in slot 4
[2022-12-12 18:56:21] [SEVERE ] placing card 5 in slot 5
[2022-12-12 18:56:21] [SEVERE ] placing card 6 in slot 6
[2022-12-12 18:56:21] [SEVERE ] placing card 7 in slot 7
[2022-12-12 18:56:21] [SEVERE ] placing card 8 in slot 8
[2022-12-12 18:56:21] [SEVERE ] placing card 9 in slot 9
[2022-12-12 18:56:21] [SEVERE ] placing card 10 in slot 10
[2022-12-12 18:56:21] [SEVERE ] placing card 11 in slot 11
[2022-12-12 18:56:22] [SEVERE ] placing card 0 in slot 0
[2022-12-12 18:56:22] [SEVERE ] placing card 1 in slot 1
[2022-12-12 18:56:22] [SEVERE ] placing card 2 in slot 2
[2022-12-12 18:56:22] [SEVERE ] placing card 3 in slot 3
[2022-12-12 18:56:22] [SEVERE ] placing card 4 in slot 4
[2022-12-12 18:56:22] [SEVERE ] placing card 5 in slot 5
[2022-12-12 18:56:22] [SEVERE ] placing card 6 in slot 6
[2022-12-12 18:56:22] [SEVERE ] placing card 7 in slot 7
[2022-12-12 18:56:22] [SEVERE ] placing card 8 in slot 8
[2022-12-12 18:56:22] [SEVERE ] placing card 9 in slot 9
[2022-12-12 18:56:23] [SEVERE ] placing card 10 in slot 10
[2022-12-12 18:56:23] [SEVERE ] placing card 11 in slot 11
[2022-12-12 18:56:23] [SEVERE ] placing card 0 in slot 0
[2022-12-12 18:56:23] [SEVERE ] placing card 1 in slot 1
[2022-12-12 18:56:23] [SEVERE ] placing card 2 in slot 2
[2022-12-12 18:56:23] [SEVERE ] placing card 3 in slot 3
[2022-12-12 18:56:23] [SEVERE ] placing card 4 in slot 4
[2022-12-12 18:56:23] [SEVERE ] placing card 5 in slot 5
[2022-12-12 18:56:23] [SEVERE ] placing card 6 in slot 6
[2022-12-12 18:56:24] [SEVERE ] placing card 7 in slot 7
[2022-12-12 18:56:24] [SEVERE ] placing card 8 in slot 8
[2022-12-12 18:56:24] [SEVERE ] placing card 9 in slot 9
[2022-12-12 18:56:24] [SEVERE ] placing card 10 in slot 10
[2022-12-12 18:56:24] [SEVERE ] placing card 11 in slot 11
[2022-12-12 18:56:24] [SEVERE ] placing card 0 in slot 0
[2022-12-12 18:56:24] [SEVERE ] placing card 1 in slot 1
[2022-12-12 18:56:24] [SEVERE ] placing card 2 in slot 2
[2022-12-12 18:56:24] [SEVERE ] placing card 3 in slot 3
[2022-12-12 18:56:24] [SEVERE ] placing card 4 in slot 4
[2022-12-12 18:56:25] [SEVERE ] placing card 5 in slot 5
[2022-12-12 18:56:25] [SEVERE ] placing card 6 in slot 6
[2022-12-12 18:56:25] [SEVERE ] placing card 7 in slot 7
[2022-12-12 18:56:25] [SEVERE ] placing card 8 in slot 8
[2022-12-12 18:56:25] [SEVERE ] placing card 9 in slot 9
[2022-12-12 18:56:25] [SEVERE ] placing card 10 in slot 10
[2022-12-12 18:56:25] [SEVERE ] placing card 11 in slot 11
[2022-12-12 18:56:25] [SEVERE ] placing card 0 in slot 0
[2022-12-12 18:56:25] [SEVERE ] placing card 1 in slot 1
[2022-12-12 18:56:25] [SEVERE ] placing card 2 in slot 2
[2022-12-12 18:56:26] [SEVERE ] placing card 3 in slot 3
[2022-12-12 18:56:26] [SEVERE ] placing card 4 in slot 4
[2022-12-12 18:56:26] [SEVERE ] placing card 5 in slot 5
[2022-12-12 18:56:26] [SEVERE ] placing card 6 in slot 6
[2022-12-12 18:56:26] [SEVERE ] placing card 7 in slot 7
[2022-12-12 18:56:26] [SEVERE ] placing card 8 in slot 8
[2022-12-12 18:56:26] [SEVERE ] placing card 9 in slot 9
[2022-12-12 18:56:26] [SEVERE ] placing card 10 in slot 10
[2022-12-12 18:56:26] [SEVERE ] placing card 11 in slot 11
[2022-12-12 18:56:27] [SEVERE ] placing card 0 in slot 0
[2022-12-12 18:56:27] [SEVERE ] placing card 1 in slot 1
[2022-12-12 18:56:27] [SEVERE ] placing card 2 in slot 2
[2022-12-12 18:56:27] [SEVERE ] placing card 3 in slot 3
[2022-12-12 18:56:27] [SEVERE ] placing card 4 in slot 4
[2022-12-12 18:56:27] [SEVERE ] placing card 5 in slot 5
[2022-12-12 18:56:27] [SEVERE ] placing card 6 in slot 6
[2022-12-12 18:56:27] [SEVERE ] placing card 7 in slot 7
[2022-12-12 18:56:27] [SEVERE ] placing card 8 in slot 8
[2022-12-12 18:56:27] [SEVERE ] placing card 9 in slot 9
[2022-12-12 18:56:28] [SEVERE ] placing card 10 in slot 10
[2022-12-12 18:56:28] [SEVERE ] placing card 11 in slot 11
[2022-12-12 18:56:28] [SEVERE ] placing card 0 in slot 0
[2022-12-12 18:56:28] [SEVERE ] placing card 1 in slot 1
[2022-12-12 18:56:28] [SEVERE ] placing card 2 in slot 2
[2022-12-12 18:56:28] [SEVERE ] placing card 3 in slot 3
[2022-12-12 18:56:28] [SEVERE ] placing card 4 in slot 4
[2022-12-12 18:56:28] [SEVERE ] placing card 5 in slot 5
[2022-12-12 18:56:28] [SEVERE ] placing card 6 in slot 6
[2022-12-12 18:56:29] [SEVERE ] placing card 7 in slot 7
[2022-12-12 18:56:29] [SEVERE ] placing card 8 in slot 8
[2022-12-12 18:56:29] [SEVERE ] placing card 9 in slot 9
[2022-12-12 18:56:29] [SEVERE ] placing card 10 in slot 10
[2022-12-12 18:56:29] [SEVERE ] placing card 11 in slot 11
[2022-12-12 18:56:29] [SEVERE ] placing card 0 in slot 0
[2022-12-12 18:56:29] [SEVERE ] placing card 1 in slot 1
[2022-12-12 18:56:29] [SEVERE ] placing card 2 in slot 2
[2022-12-12 18:56:29] [SEVERE ] placing card 3 in slot 3
[2022-12-12 18:56:29] [SEVERE ] placing card 4 in slot 4
[2022-12-12 18:56:30] [SEVERE ] placing card 5 in slot 5
[2022-12-12 18:56:30] [SEVERE ] placing card 6 in slot 6
[2022-12-12 18:56:30] [SEVERE ] placing card 7 in slot 7
[2022-12-12 18:56:30] [SEVERE ] placing card 8 in slot 8
[2022-12-12 18:56:30] [SEVERE ] placing card 9 in slot 9
[2022-12-12 18:56:30] [SEVERE ] placing card 10 in slot 10
[2022-12-12 18:56:30] [SEVERE ] placing card 11 in slot 11
[2022-12-12 18:56:30] [SEVERE ] placing card 0 in slot 0
[2022-12-12 18:56:30] [SEVERE ] placing card 1 in slot 1
[2022-12-12 18:56:31] [SEVERE ] placing card 2 in slot 2
[2022-12-12 18:56:31] [SEVERE ] placing card 3 in slot 3
[2022-12-12 18:56:31] [SEVERE ] placing card 4 in slot 4
[2022-12-12 18:56:31] [SEVERE ] placing card 5 in slot 5
[2022-12-12 18:56:31] [SEVERE ] placing card 6 in slot 6
[2022-12-12 18:56:31] [SEVERE ] placing card 7 in slot 7
[2022-12-12 18:56:31] [SEVERE ] placing card 8 in slot 8
[2022-12-12 18:56:31] [SEVERE ] placing card 9 in slot 9
[2022-12-12 18:56:31] [SEVERE ] placing card 10 in slot 10
[2022-12-12 18:56:31] [SEVERE ] placing card 11 in slot 11
[2022-12-12 18:56:32] [SEVERE ] placing card 0 in slot 0
[2022-12-12 18:56:32] [SEVERE ] placing card 1 in slot 1
[2022-12-12 18:56:32] [SEVERE ] placing card 2 in slot 2
[2022-12-12 18:56:32] [SEVERE ] placing card 3 in slot 3
[2022-12-12 18:56:32] [SEVERE ] placing card 4 in slot 4
[2022-12-12 18:56:32] [SEVERE ] placing card 5 in slot 5
[2022-12-12 18:56:32] [SEVERE ] placing card 6 in slot 6
[2022-12-12 18:56:32] [SEVERE ] placing card 7 in slot 7
[2022-12-12 18:56:32] [SEVERE ] placing card 8 in slot 8
[2022-12-12 18:56:33] [SEVERE ] placing card 9 in slot 9
[2022-12-12 18:56:33] [SEVERE ] placing card 10 in slot 10
[2022-12-12 18:56:33] [SEVERE ] placing card 11 in slot 11
[2022-12-12 18:56:33] [SEVERE ] placing card 0 in slot 0
[2022-12-12 18:56:33] [SEVERE ] placing card 1 in slot 1
[2022-12-12 18:56:33] [SEVERE ] placing card 2 in slot 2
[2022-12-12 18:56:33] [SEVERE ] placing card 3 in slot 3
[2022-12-12 18:56:33] [SEVERE ] placing card 4 in slot 4
[2022-12-12 18:56:33] [SEVERE ] placing card 5 in slot 5
[2022-12-12 18:56:33] [SEVERE ] placing card 6 in slot 6
[2022-12-12 18:56:34] [SEVERE ] placing card 7 in slot 7
[2022-12-12 18:56:34] [SEVERE ] placing card 8 in slot 8
[2022-12-12 18:56:34] [SEVERE ] placing card 9 in slot 9
[2022-12-12 18:56:34] [SEVERE ] placing card 10 in slot 10
[2022-12-12 18:56:34] [SEVERE ] placing card 11 in slot 11
[2022-12-12 18:56:34] [SEVERE ] placing card 0 in slot 0
[2022-12-12 18:56:34] [SEVERE ] placing card 1 in slot 1
[2022-12-12 18:56:34] [SEVERE ] placing card 2 in slot 2
[2022-12-12 18:56:34] [SEVERE ] placing card 3 in slot 3
[2022-12-12 18:56:34] [SEVERE ] placing card 4 in slot 4
[2022-12-12 18:56:35] [SEVERE ] placing card 5 in slot 5
[2022-12-12 18:56:35] [SEVERE ] placing card 6 in slot 6
[2022-12-12 18:56:35] [SEVERE ] placing card 7 in slot 7
[2022-12-12 18:56:35] [SEVERE ] placing card 8 in slot 8
[2022-12-12 18:56:35] [SEVERE ] placing card 9 in slot 9
[2022-12-12 18:56:35] [SEVERE ] placing card 10 in slot 10
[2022-12-12 18:56:35] [SEVERE ] placing card 11 in slot 11
[2022-12-12 18:56:35] [SEVERE ] placing card 0 in slot 0
[2022-12-12 18:56:35] [SEVERE ] placing card 1 in slot 1
[2022-12-12 18:56:36] [SEVERE ] placing card 2 in slot 2
[2022-12-12 18:56:36] [SEVERE ] placing card 3 in slot 3
[2022-12-12 18:56:36] [SEVERE ] placing card 4 in slot 4
[2022-12-12 18:56:36] [SEVERE ] placing card 5 in slot 5
[2022-12-12 18:56:36] [SEVERE ] placing card 6 in slot 6
[2022-12-12 18:56:36] [SEVERE ] placing card 7 in slot 7
[2022-12-12 18:56:36] [SEVERE ] placing card 8 in slot 8
[2022-12-12 18:56:36] [SEVERE ] placing card 9 in slot 9
[2022-12-12 18:56:36] [SEVERE ] placing card 10 in slot 10
[2022-12-12 18:56:36] [SEVERE ] placing card 11 in slot 11
[2022-12-12 18:56:37] [SEVERE ] placing card 0 in slot 0
[2022-12-12 18:56:37] [SEVERE ] placing card 1 in slot 1
[2022-12-12 18:56:37] [SEVERE ] placing card 2 in slot 2
[2022-12-12 18:56:37] [SEVERE ] placing card 3 in slot 3
[2022-12-12 18:56:37] [SEVERE ] placing card 4 in slot 4
[2022-12-12 18:56:37] [SEVERE ] placing card 5 in slot 5
[2022-12-12 18:56:37] [SEVERE ] placing card 6 in slot 6
[2022-12-12 18:56:37] [SEVERE ] placing card 7 in slot 7
[2022-12-12 18:56:37] [SEVERE ] placing card 8 in slot 8
[2022-12-12 18:56:38] [SEVERE ] placing card 9 in slot 9
[2022-12-12 18:56:38] [SEVERE ] placing card 10 in slot 10
[2022-12-12 18:56:38] [SEVERE ] placing card 11 in slot 11
[2022-12-12 18:56:38] [SEVERE ] placing card 0 in slot 0
[2022-12-12 18:56:38] [SEVERE ] placing card 1 in slot 1
[2022-12-12 18:56:38] [SEVERE ] placing card 2 in slot 2
[2022-12-12 18:56:38] [SEVERE ] placing card 3 in slot 3
[2022-12-12 18:56:38] [SEVERE ] placing card 4 in slot 4
[2022-12-12 18:56:38] [SEVERE ] placing card 5 in slot 5
[2022-12-12 18:56:38] [SEVERE ] placing card 6 in slot 6
[2022-12-12 18:56:39] [SEVERE ] placing card 7 in slot 7
[2022-12-12 18:56:39] [SEVERE ] placing card 8 in slot 8
[2022-12-12 18:56:39] [SEVERE ] placing card 9 in slot 9
[2022-12-12 18:56:39] [SEVERE ] placing card 10 in slot 10
[2022-12-12 18:56:39] [SEVERE ] placing card 11 in slot 11
[2022-12-12 18:56:39] [SEVERE ] placing card 0 in slot 0
[2022-12-12 18:56:39] [SEVERE ] placing card 1 in slot 1
[2022-12-12 18:56:39] [SEVERE ] placing card 2 in slot 2
[2022-12-12 18:56:39] [SEVERE ] placing card 3 in slot 3
[2022-12-12 18:56:39] [SEVERE ] placing card 4 in slot 4
[2022-12-12 18:56:40] [SEVERE ] placing card 5 in slot 5
[2022-12-12 18:56:40] [SEVERE ] placing card 6 in slot 6
[2022-12-12 18:56:40] [SEVERE ] placing card 7 in slot 7
[2022-12-12 18:56:40] [SEVERE ] placing card 8 in slot 8
[2022-12-12 18:56:40] [SEVERE ] placing card 9 in slot 9
[2022-12-12 18:56:40] [SEVERE ] placing card 10 in slot 10
[2022-12-12 18:56:40] [SEVERE ] placing card 11 in slot 11
[2022-12-12 18:56:40] [SEVERE ] placing card 0 in slot 0
[2022-12-12 18:56:40] [SEVERE ] placing card 1 in slot 1
[2022-12-12 18:56:41] [SEVERE ] placing card 2 in slot 2
[2022-12-12 18:56:41] [SEVERE ] placing card 3 in slot 3
[2022-12-12 18:56:41] [SEVERE ] placing card 4 in slot 4
[2022-12-12 18:56:41] [SEVERE ] placing card 5 in slot 5
[2022-12-12 18:56:41] [SEVERE ] placing card 6 in slot 6
[2022-12-12 18:56:41] [SEVERE ] placing card 7 in slot 7
[2022-12-12 18:56:41] [SEVERE ] placing card 8 in slot 8
[2022-12-12 18:56:41] [SEVERE ] placing card 9 in slot 9
[2022-12-12 18:56:41] [SEVERE ] placing card 10 in slot 10
[2022-12-12 18:56:41] [SEVERE ] placing card 11 in slot 11
[2022-12-12 18:56:42] [SEVERE ] placing card 0 in slot 0
[2022-12-12 18:56:42] [SEVERE ] placing card 1 in slot 1
[2022-12-12 18:56:42] [SEVERE ] placing card 2 in slot 2
[2022-12-12 18:56:42] [SEVERE ] placing card 3 in slot 3
[2022-12-12 18:56:42] [SEVERE ] placing card 4 in slot 4
[2022-12-12 18:56:42] [SEVERE ] placing card 5 in slot 5
[2022-12-12 18:56:42] [SEVERE ] placing card 6 in slot 6
[2022-12-12 18:56:42] [SEVERE ] placing card 7 in slot 7
[2022-12-12 18:56:42] [SEVERE ] placing card 8 in slot 8
[2022-12-12 18:56:43] [SEVERE ] placing card 9 in slot 9
[2022-12-12 18:56:43] [SEVERE ] placing card 10 in slot 10
[2022-12-12 18:56:43] [SEVERE ] placing card 11 in slot 11
[2022-12-12 18:56:43] [SEVERE ] placing card 0 in slot 0
[2022-12-12 18:56:43] [SEVERE ] placing card 1 in slot 1
[2022-12-12 18:56:43] [SEVERE ] placing card 2 in slot 2
[2022-12-12 18:56:43] [SEVERE ] placing card 3 in slot 3
[2022-12-12 18:56:43] [SEVERE ] placing card 4 in slot 4
[2022-12-12 18:56:43] [SEVERE ] placing card 5 in slot 5
[2022-12-12 18:56:43] [SEVERE ] placing card 6 in slot 6
[2022-12-12 18:56:44] [SEVERE ] placing card 7 in slot 7
[2022-12-12 18:56:44] [SEVERE ] placing card 8 in slot 8
[2022-12-12 18:56:44] [SEVERE ] placing card 9 in slot 9
[2022-12-12 18:56:44] [SEVERE ] placing card 10 in slot 10
[2022-12-12 18:56:44] [SEVERE ] placing card 11 in slot 11
[2022-12-12 18:56:44] [SEVERE ] placing card 0 in slot 0
[2022-12-12 18:56:44] [SEVERE ] placing card 1 in slot 1
[2022-12-12 18:56:44] [SEVERE ] placing card 2 in slot 2
[2022-12-12 18:56:44] [SEVERE ] placing card 3 in slot 3
[2022-12-12 18:56:45] [SEVERE ] placing card 4 in slot 4
[2022-12-12 18:56:45] [SEVERE ] placing card 5 in slot 5
[2022-12-12 18:56:45] [SEVERE ] placing card 6 in slot 6
[2022-12-12 18:56:45] [SEVERE ] placing card 7 in slot 7
[2022-12-12 18:56:45] [SEVERE ] placing card 8 in slot 8
[2022-12-12 18:56:45] [SEVERE ] placing card 9 in slot 9
[2022-12-12 18:56:45] [SEVERE ] placing card 10 in slot 10
[2022-12-12 18:56:45] [SEVERE ] placing card 11 in slot 11
[2022-12-12 18:56:45] [SEVERE ] placing card 0 in slot 0
[2022-12-12 18:56:45] [SEVERE ] placing card 1 in slot 1
[2022-12-12 18:56:46] [SEVERE ] placing card 2 in slot 2
[2022-12-12 18:56:46] [SEVERE ] placing card 3 in slot 3
[2022-12-12 18:56:46] [SEVERE ] placing card 4 in slot 4
[2022-12-12 18:56:46] [SEVERE ] placing card 5 in slot 5
[2022-12-12 18:56:46] [SEVERE ] placing card 6 in slot 6
[2022-12-12 18:56:46] [SEVERE ] placing card 7 in slot 7
[2022-12-12 18:56:46] [SEVERE ] placing card 8 in slot 8
[2022-12-12 18:56:46] [SEVERE ] placing card 9 in slot 9
[2022-12-12 18:56:46] [SEVERE ] placing card 10 in slot 10
[2022-12-12 18:56:47] [SEVERE ] placing card 11 in slot 11
[2022-12-12 18:56:47] [SEVERE ] placing card 0 in slot 0
[2022-12-12 18:56:47] [SEVERE ] placing card 1 in slot 1
[2022-12-12 18:56:47] [SEVERE ] placing card 2 in slot 2
[2022-12-12 18:56:47] [SEVERE ] placing card 3 in slot 3
[2022-12-12 18:56:47] [SEVERE ] placing card 4 in slot 4
[2022-12-12 18:56:47] [SEVERE ] placing card 5 in slot 5
[2022-12-12 18:56:47] [SEVERE ] placing card 6 in slot 6
[2022-12-12 18:56:47] [SEVERE ] placing card 7 in slot 7
[2022-12-12 18:56:47] [SEVERE ] placing card 8 in slot 8
[2022-12-12 18:56:48] [SEVERE ] placing card 9 in slot 9
[2022-12-12 18:56:48] [SEVERE ] placing card 10 in slot 10
[2022-12-12 18:56:48] [SEVERE ] placing card 11 in slot 11
[2022-12-12 18:56:48] [SEVERE ] placing card 0 in slot 0
[2022-12-12 18:56:48] [SEVERE ] placing card 1 in slot 1
[2022-12-12 18:56:48] [SEVERE ] placing card 2 in slot 2
[2022-12-12 18:56:48] [SEVERE ] placing card 3 in slot 3
[2022-12-12 18:56:48] [SEVERE ] placing card 4 in slot 4
[2022-12-12 18:56:48] [SEVERE ] placing card 5 in slot 5
[2022-12-12 18:56:48] [SEVERE ] placing card 6 in slot 6
[2022-12-12 18:56:49] [SEVERE ] placing card 7 in slot 7
[2022-12-12 18:56:49] [SEVERE ] placing card 8 in slot 8
[2022-12-12 18:56:49] [SEVERE ] placing card 9 in slot 9
[2022-12-12 18:56:49] [SEVERE ] placing card 10 in slot 10
[2022-12-12 18:56:49] [SEVERE ] placing card 11 in slot 11
[2022-12-12 18:56:49] [SEVERE ] placing card 0 in slot 0
[2022-12-12 18:56:49] [SEVERE ] placing card 1 in slot 1
[2022-12-12 18:56:49] [SEVERE ] placing card 2 in slot 2
[2022-12-12 18:56:49] [SEVERE ] placing card 3 in slot 3
[2022-12-12 18:56:50] [SEVERE ] placing card 4 in slot 4
[2022-12-12 18:56:50] [SEVERE ] placing card 5 in slot 5
[2022-12-12 18:56:50] [SEVERE ] placing card 6 in slot 6
[2022-12-12 18:56:50] [SEVERE ] placing card 7 in slot 7
[2022-12-12 18:56:50] [SEVERE ] placing card 8 in slot 8
[2022-12-12 18:56:50] [SEVERE ] placing card 9 in slot 9
[2022-12-12 18:56:50] [SEVERE ] placing card 10 in slot 10
[2022-12-12 18:56:50] [SEVERE ] placing card 11 in slot 11
[2022-12-12 18:56:50] [SEVERE ] placing card 0 in slot 0
[2022-12-12 18:56:50] [SEVERE ] placing card 1 in slot 1
[2022-12-12 18:56:51] [SEVERE ] placing card 2 in slot 2
[2022-12-12 18:56:51] [SEVERE ] placing card 3 in slot 3
[2022-12-12 18:56:51] [SEVERE ] placing card 4 in slot 4
[2022-12-12 18:56:51] [SEVERE ] placing card 5 in slot 5
[2022-12-12 18:56:51] [SEVERE ] placing card 6 in slot 6
[2022-12-12 18:56:51] [SEVERE ] placing card 7 in slot 7
[2022-12-12 18:56:51] [SEVERE ] placing card 8 in slot 8
[2022-12-12 18:56:51] [SEVERE ] placing card 9 in slot 9
[2022-12-12 18:56:51] [SEVERE ] placing card 10 in slot 10
[2022-12-12 18:56:52] [SEVERE ] placing card 11 in slot 11
[2022-12-12 18:56:52] [SEVERE ] placing card 0 in slot 0
[2022-12-12 18:56:52] [SEVERE ] placing card 1 in slot 1
[2022-12-12 18:56:52] [SEVERE ] placing card 2 in slot 2
[2022-12-12 18:56:52] [SEVERE ] placing card 3 in slot 3
[2022-12-12 18:56:52] [SEVERE ] placing card 4 in slot 4
[2022-12-12 18:56:52] [SEVERE ] placing card 5 in slot 5
[2022-12-12 18:56:52] [SEVERE ] placing card 6 in slot 6
[2022-12-12 18:56:52] [SEVERE ] placing card 7 in slot 7
[2022-12-12 18:56:52] [SEVERE ] placing card 8 in slot 8
[2022-12-12 18:56:53] [SEVERE ] placing card 9 in slot 9
[2022-12-12 18:56:53] [SEVERE ] placing card 10 in slot 10
[2022-12-12 18:56:53] [SEVERE ] placing card 11 in slot 11
[2022-12-12 18:56:53] [SEVERE ] placing card 0 in slot 0
[2022-12-12 18:56:53] [SEVERE ] placing card 1 in slot 1
[2022-12-12 18:56:53] [SEVERE ] placing card 2 in slot 2
[2022-12-12 18:56:53] [SEVERE ] placing card 3 in slot 3
[2022-12-12 18:56:53] [SEVERE ] placing card 4 in slot 4
[2022-12-12 18:56:53] [SEVERE ] placing card 5 in slot 5
[2022-12-12 18:56:54] [SEVERE ] placing card 6 in slot 6
[2022-12-12 18:56:54] [SEVERE ] placing card 7 in slot 7
[2022-12-12 18:56:54] [SEVERE ] placing card 8 in slot 8
[2022-12-12 18:56:54] [SEVERE ] placing card 9 in slot 9
[2022-12-12 18:56:54] [SEVERE ] placing card 10 in slot 10
[2022-12-12 18:56:54] [SEVERE ] placing card 11 in slot 11
[2022-12-12 18:56:54] [SEVERE ] placing card 0 in slot 0
[2022-12-12 18:56:54] [SEVERE ] placing card 1 in slot 1
[2022-12-12 18:56:54] [SEVERE ] placing card 2 in slot 2
[2022-12-12 18:56:54] [SEVERE ] placing card 3 in slot 3
[2022-12-12 18:56:55] [SEVERE ] placing card 4 in slot 4
[2022-12-12 18:56:55] [SEVERE ] placing card 5 in slot 5
[2022-12-12 18:56:55] [SEVERE ] placing card 6 in slot 6
[2022-12-12 18:56:55] [SEVERE ] placing card 7 in slot 7
[2022-12-12 18:56:55] [SEVERE ] placing card 8 in slot 8
[2022-12-12 18:56:55] [SEVERE ] placing card 9 in slot 9
[2022-12-12 18:56:55] [SEVERE ] placing card 10 in slot 10
[2022-12-12 18:56:55] [SEVERE ] placing card 11 in slot 11
[2022-12-12 18:56:55] [SEVERE ] placing card 0 in slot 0
[2022-12-12 18:56:56] [SEVERE ] placing card 1 in slot 1
[2022-12-12 18:56:56] [SEVERE ] placing card 2 in slot 2
[2022-12-12 18:56:56] [SEVERE ] placing card 3 in slot 3
[2022-12-12 18:56:56] [SEVERE ] placing card 4 in slot 4
[2022-12-12 18:56:56] [SEVERE ] placing card 5 in slot 5
[2022-12-12 18:56:56] [SEVERE ] placing card 6 in slot 6
[2022-12-12 18:56:56] [SEVERE ] placing card 7 in slot 7
[2022-12-12 18:56:56] [SEVERE ] placing card 8 in slot 8
[2022-12-12 18:56:56] [SEVERE ] placing card 9 in slot 9
[2022-12-12 18:56:56] [SEVERE ] placing card 10 in slot 10
[2022-12-12 18:56:57] [SEVERE ] placing card 11 in slot 11
[2022-12-12 18:56:57] [SEVERE ] placing card 0 in slot 0
[2022-12-12 18:56:57] [SEVERE ] placing card 1 in slot 1
[2022-12-12 18:56:57] [SEVERE ] placing card 2 in slot 2
[2022-12-12 18:56:57] [SEVERE ] placing card 3 in slot 3
[2022-12-12 18:56:57] [SEVERE ] placing card 4 in slot 4
[2022-12-12 18:56:57] [SEVERE ] placing card 5 in slot 5
[2022-12-12 18:56:57] [SEVERE ] placing card 6 in slot 6
[2022-12-12 18:56:57] [SEVERE ] placing card 7 in slot 7
[2022-12-12 18:56:57] [SEVERE ] placing card 8 in slot 8
[2022-12-12 18:56:58] [SEVERE ] placing card 9 in slot 9
[2022-12-12 18:56:58] [SEVERE ] placing card 10 in slot 10
[2022-12-12 18:56:58] [SEVERE ] placing card 11 in slot 11
[2022-12-12 18:56:58] [SEVERE ] placing card 0 in slot 0
[2022-12-12 18:56:58] [SEVERE ] placing card 1 in slot 1
[2022-12-12 18:56:58] [SEVERE ] placing card 2 in slot 2
[2022-12-12 18:56:58] [SEVERE ] placing card 3 in slot 3
[2022-12-12 18:56:58] [SEVERE ] placing card 4 in slot 4
[2022-12-12 18:56:58] [SEVERE ] placing card 5 in slot 5
[2022-12-12 18:56:59] [SEVERE ] placing card 6 in slot 6
[2022-12-12 18:56:59] [SEVERE ] placing card 7 in slot 7
[2022-12-12 18:56:59] [SEVERE ] placing card 8 in slot 8
[2022-12-12 18:56:59] [SEVERE ] placing card 9 in slot 9
[2022-12-12 18:56:59] [SEVERE ] placing card 10 in slot 10
[2022-12-12 18:56:59] [SEVERE ] placing card 11 in slot 11
[2022-12-12 18:56:59] [SEVERE ] placing card 0 in slot 0
[2022-12-12 18:56:59] [SEVERE ] placing card 1 in slot 1
[2022-12-12 18:56:59] [SEVERE ] placing card 2 in slot 2
[2022-12-12 18:56:59] [SEVERE ] placing card 3 in slot 3
[2022-12-12 18:57:00] [SEVERE ] placing card 4 in slot 4
[2022-12-12 18:57:00] [SEVERE ] placing card 5 in slot 5
[2022-12-12 18:57:00] [SEVERE ] placing card 6 in slot 6
[2022-12-12 18:57:00] [SEVERE ] placing card 7 in slot 7
[2022-12-12 18:57:00] [SEVERE ] placing card 8 in slot 8
[2022-12-12 18:57:00] [SEVERE ] placing card 9 in slot 9
[2022-12-12 18:57:00] [SEVERE ] placing card 10 in slot 10
[2022-12-12 18:57:00] [SEVERE ] placing card 11 in slot 11
[2022-12-12 18:57:00] [SEVERE ] placing card 0 in slot 0
[2022-12-12 18:57:00] [SEVERE ] placing card 1 in slot 1
[2022-12-12 18:57:01] [SEVERE ] placing card 2 in slot 2
[2022-12-12 18:57:01] [SEVERE ] placing card 3 in slot 3
[2022-12-12 18:57:01] [SEVERE ] placing card 4 in slot 4
[2022-12-12 18:57:01] [SEVERE ] placing card 5 in slot 5
[2022-12-12 18:57:01] [SEVERE ] placing card 6 in slot 6
[2022-12-12 18:57:01] [SEVERE ] placing card 7 in slot 7
[2022-12-12 18:57:01] [SEVERE ] placing card 8 in slot 8
[2022-12-12 18:57:01] [SEVERE ] placing card 9 in slot 9
[2022-12-12 18:57:01] [SEVERE ] placing card 10 in slot 10
[2022-12-12 18:57:02] [SEVERE ] placing card 11 in slot 11
[2022-12-12 18:57:02] [SEVERE ] placing card 0 in slot 0
[2022-12-12 18:57:02] [SEVERE ] placing card 1 in slot 1
[2022-12-12 18:57:02] [SEVERE ] placing card 2 in slot 2
[2022-12-12 18:57:02] [SEVERE ] placing card 3 in slot 3
[2022-12-12 18:57:02] [SEVERE ] placing card 4 in slot 4
[2022-12-12 18:57:02] [SEVERE ] placing card 5 in slot 5
[2022-12-12 18:57:02] [SEVERE ] placing card 6 in slot 6
[2022-12-12 18:57:02] [SEVERE ] placing card 7 in slot 7
[2022-12-12 18:57:02] [SEVERE ] placing card 8 in slot 8
[2022-12-12 18:57:03] [SEVERE ] placing card 9 in slot 9
[2022-12-12 18:57:03] [SEVERE ] placing card 10 in slot 10
[2022-12-12 18:57:03] [SEVERE ] placing card 11 in slot 11
[2022-12-12 18:57:03] [SEVERE ] placing card 0 in slot 0
[2022-12-12 18:57:03] [SEVERE ] placing card 1 in slot 1
[2022-12-12 18:57:03] [SEVERE ] placing card 2 in slot 2
[2022-12-12 18:57:03] [SEVERE ] placing card 3 in slot 3
[2022-12-12 18:57:03] [SEVERE ] placing card 4 in slot 4
[2022-12-12 18:57:03] [SEVERE ] placing card 5 in slot 5
[2022-12-12 18:57:04] [SEVERE ] placing card 6 in slot 6
[2022-12-12 18:57:04] [SEVERE ] placing card 7 in slot 7
[2022-12-12 18:57:04] [SEVERE ] placing card 8 in slot 8
[2022-12-12 18:57:04] [SEVERE ] placing card 9 in slot 9
[2022-12-12 18:57:04] [SEVERE ] placing card 10 in slot 10
[2022-12-12 18:57:04] [SEVERE ] placing card 11 in slot 11
[2022-12-12 18:57:04] [SEVERE ] placing card 0 in slot 0
[2022-12-12 18:57:04] [SEVERE ] placing card 1 in slot 1
[2022-12-12 18:57:04] [SEVERE ] placing card 2 in slot 2
[2022-12-12 18:57:04] [SEVERE ] placing card 3 in slot 3
[2022-12-12 18:57:05] [SEVERE ] placing card 4 in slot 4
[2022-12-12 18:57:05] [SEVERE ] placing card 5 in slot 5
[2022-12-12 18:57:05] [SEVERE ] placing card 6 in slot 6
[2022-12-12 18:57:05] [SEVERE ] placing card 7 in slot 7
[2022-12-12 18:57:05] [SEVERE ] placing card 8 in slot 8
[2022-12-12 18:57:05] [SEVERE ] placing card 9 in slot 9
[2022-12-12 18:57:05] [SEVERE ] placing card 10 in slot 10
[2022-12-12 18:57:05] [SEVERE ] placing card 11 in slot 11
[2022-12-12 18:57:05] [SEVERE ] placing card 0 in slot 0
[2022-12-12 18:57:05] [SEVERE ] placing card 1 in slot 1
[2022-12-12 18:57:06] [SEVERE ] placing card 2 in slot 2
[2022-12-12 18:57:06] [SEVERE ] placing card 3 in slot 3
[2022-12-12 18:57:06] [SEVERE ] placing card 4 in slot 4
[2022-12-12 18:57:06] [SEVERE ] placing card 5 in slot 5
[2022-12-12 18:57:06] [SEVERE ] placing card 6 in slot 6
[2022-12-12 18:57:06] [SEVERE ] placing card 7 in slot 7
[2022-12-12 18:57:06] [SEVERE ] placing card 8 in slot 8
[2022-12-12 18:57:06] [SEVERE ] placing card 9 in slot 9
[2022-12-12 18:57:06] [SEVERE ] placing card 10 in slot 10
[2022-12-12 18:57:07] [SEVERE ] placing card 11 in slot 11
[2022-12-12 18:57:07] [SEVERE ] placing card 0 in slot 0
[2022-12-12 18:57:07] [SEVERE ] placing card 1 in slot 1
[2022-12-12 18:57:07] [SEVERE ] placing card 2 in slot 2
[2022-12-12 18:57:07] [SEVERE ] placing card 3 in slot 3
[2022-12-12 18:57:07] [SEVERE ] placing card 4 in slot 4
[2022-12-12 18:57:07] [SEVERE ] placing card 5 in slot 5
[2022-12-12 18:57:07] [SEVERE ] placing card 6 in slot 6
[2022-12-12 18:57:07] [SEVERE ] placing card 7 in slot 7
[2022-12-12 18:57:07] [SEVERE ] placing card 8 in slot 8
[2022-12-12 18:57:08] [SEVERE ] placing card 9 in slot 9
[2022-12-12 18:57:08] [SEVERE ] placing card 10 in slot 10
[2022-12-12 18:57:08] [SEVERE ] placing card 11 in slot 11
[2022-12-12 18:57:08] [SEVERE ] placing card 0 in slot 0
[2022-12-12 18:57:08] [SEVERE ] placing card 1 in slot 1
[2022-12-12 18:57:08] [SEVERE ] placing card 2 in slot 2
[2022-12-12 18:57:08] [SEVERE ] placing card 3 in slot 3
[2022-12-12 18:57:08] [SEVERE ] placing card 4 in slot 4
[2022-12-12 18:57:08] [SEVERE ] placing card 5 in slot 5
[2022-12-12 18:57:09] [SEVERE ] placing card 6 in slot 6
[2022-12-12 18:57:09] [SEVERE ] placing card 7 in slot 7
[2022-12-12 18:57:09] [SEVERE ] placing card 8 in slot 8
[2022-12-12 18:57:09] [SEVERE ] placing card 9 in slot 9
[2022-12-12 18:57:09] [SEVERE ] placing card 10 in slot 10
[2022-12-12 18:57:09] [SEVERE ] placing card 11 in slot 11
[2022-12-12 18:57:09] [SEVERE ] placing card 0 in slot 0
[2022-12-12 18:57:09] [SEVERE ] placing card 1 in slot 1
[2022-12-12 18:57:09] [SEVERE ] placing card 2 in slot 2
[2022-12-12 18:57:09] [SEVERE ] placing card 3 in slot 3
[2022-12-12 18:57:10] [SEVERE ] placing card 4 in slot 4
[2022-12-12 18:57:10] [SEVERE ] placing card 5 in slot 5
[2022-12-12 18:57:10] [SEVERE ] placing card 6 in slot 6
[2022-12-12 18:57:10] [SEVERE ] placing card 7 in slot 7
[2022-12-12 18:57:10] [SEVERE ] placing card 8 in slot 8
[2022-12-12 18:57:10] [SEVERE ] placing card 9 in slot 9
[2022-12-12 18:57:10] [SEVERE ] placing card 10 in slot 10
[2022-12-12 18:57:10] [SEVERE ] placing card 11 in slot 11
[2022-12-12 18:57:10] [SEVERE ] placing card 0 in slot 0
[2022-12-12 18:57:11] [SEVERE ] placing card 1 in slot 1
[2022-12-12 18:57:11] [SEVERE ] placing card 2 in slot 2
[2022-12-12 18:57:11] [SEVERE ] placing card 3 in slot 3
[2022-12-12 18:57:11] [SEVERE ] placing card 4 in slot 4
[2022-12-12 18:57:11] [SEVERE ] placing card 5 in slot 5
[2022-12-12 18:57:11] [SEVERE ] placing card 6 in slot 6
[2022-12-12 18:57:11] [SEVERE ] placing card 7 in slot 7
[2022-12-12 18:57:11] [SEVERE ] placing card 8 in slot 8
[2022-12-12 18:57:11] [SEVERE ] placing card 9 in slot 9
[2022-12-12 18:57:11] [SEVERE ] placing card 10 in slot 10
[2022-12-12 18:57:12] [SEVERE ] placing card 11 in slot 11
[2022-12-12 18:57:12] [SEVERE ] placing card 0 in slot 0
[2022-12-12 18:57:12] [SEVERE ] placing card 1 in slot 1
[2022-12-12 18:57:12] [SEVERE ] placing card 2 in slot 2
[2022-12-12 18:57:12] [SEVERE ] placing card 3 in slot 3
[2022-12-12 18:57:12] [SEVERE ] placing card 4 in slot 4
[2022-12-12 18:57:12] [SEVERE ] placing card 5 in slot 5
[2022-12-12 18:57:12] [SEVERE ] placing card 6 in slot 6
[2022-12-12 18:57:12] [SEVERE ] placing card 7 in slot 7
[2022-12-12 18:57:12] [SEVERE ] placing card 8 in slot 8
[2022-12-12 18:57:13] [SEVERE ] placing card 9 in slot 9
[2022-12-12 18:57:13] [SEVERE ] placing card 10 in slot 10
[2022-12-12 18:57:13] [SEVERE ] placing card 11 in slot 11
[2022-12-12 18:57:13] [SEVERE ] placing card 0 in slot 0
[2022-12-12 18:57:13] [SEVERE ] placing card 1 in slot 1
[2022-12-12 18:57:13] [SEVERE ] placing card 2 in slot 2
[2022-12-12 18:57:13] [SEVERE ] placing card 3 in slot 3
[2022-12-12 18:57:13] [SEVERE ] placing card 4 in slot 4
[2022-12-12 18:57:13] [SEVERE ] placing card 5 in slot 5
[2022-12-12 18:57:14] [SEVERE ] placing card 6 in slot 6
[2022-12-12 18:57:14] [SEVERE ] placing card 7 in slot 7
[2022-12-12 18:57:14] [SEVERE ] placing card 8 in slot 8
[2022-12-12 18:57:14] [SEVERE ] placing card 9 in slot 9
[2022-12-12 18:57:14] [SEVERE ] placing card 10 in slot 10
[2022-12-12 18:57:14] [SEVERE ] placing card 11 in slot 11
[2022-12-12 18:57:14] [SEVERE ] placing card 0 in slot 0
[2022-12-12 18:57:14] [SEVERE ] placing card 1 in slot 1
[2022-12-12 18:57:14] [SEVERE ] placing card 2 in slot 2
[2022-12-12 18:57:14] [SEVERE ] placing card 3 in slot 3
[2022-12-12 18:57:15] [SEVERE ] placing card 4 in slot 4
[2022-12-12 18:57:15] [SEVERE ] placing card 5 in slot 5
[2022-12-12 18:57:15] [SEVERE ] placing card 6 in slot 6
[2022-12-12 18:57:15] [SEVERE ] placing card 7 in slot 7
[2022-12-12 18:57:15] [SEVERE ] placing card 8 in slot 8
[2022-12-12 18:57:15] [SEVERE ] placing card 9 in slot 9
[2022-12-12 18:57:15] [SEVERE ] placing card 10 in slot 10
[2022-12-12 18:57:15] [SEVERE ] placing card 11 in slot 11
[2022-12-12 18:57:15] [SEVERE ] placing card 0 in slot 0
[2022-12-12 18:57:16] [SEVERE ] placing card 1 in slot 1
[2022-12-12 18:57:16] [SEVERE ] placing card 2 in slot 2
[2022-12-12 18:57:16] [SEVERE ] placing card 3 in slot 3
[2022-12-12 18:57:16] [SEVERE ] placing card 4 in slot 4
[2022-12-12 18:57:16] [SEVERE ] placing card 5 in slot 5
[2022-12-12 18:57:16] [SEVERE ] placing card 6 in slot 6
[2022-12-12 18:57:16] [SEVERE ] placing card 7 in slot 7
[2022-12-12 18:57:16] [SEVERE ] placing card 8 in slot 8
[2022-12-12 18:57:16] [SEVERE ] placing card 9 in slot 9
[2022-12-12 18:57:16] [SEVERE ] placing card 10 in slot 10
[2022-12-12 18:57:17] [SEVERE ] placing card 11 in slot 11
[2022-12-12 18:57:17] [SEVERE ] placing card 0 in slot 0
[2022-12-12 18:57:17] [SEVERE ] placing card 1 in slot 1
[2022-12-12 18:57:17] [SEVERE ] placing card 2 in slot 2
[2022-12-12 18:57:17] [SEVERE ] placing card 3 in slot 3
[2022-12-12 18:57:17] [SEVERE ] placing card 4 in slot 4
[2022-12-12 18:57:17] [SEVERE ] placing card 5 in slot 5
[2022-12-12 18:57:17] [SEVERE ] placing card 6 in slot 6
[2022-12-12 18:57:17] [SEVERE ] placing card 7 in slot 7
[2022-12-12 18:57:18] [SEVERE ] placing card 8 in slot 8
[2022-12-12 18:57:18] [SEVERE ] placing card 9 in slot 9
[2022-12-12 18:57:18] [SEVERE ] placing card 10 in slot 10
[2022-12-12 18:57:18] [SEVERE ] placing card 11 in slot 11
[2022-12-12 18:57:18] [SEVERE ] placing card 0 in slot 0
[2022-12-12 18:57:18] [SEVERE ] placing card 1 in slot 1
[2022-12-12 18:57:18] [SEVERE ] placing card 2 in slot 2
[2022-12-12 18:57:18] [SEVERE ] placing card 3 in slot 3
[2022-12-12 18:57:18] [SEVERE ] placing card 4 in slot 4
[2022-12-12 18:57:18] [SEVERE ] placing card 5 in slot 5
[2022-12-12 18:57:19] [SEVERE ] placing card 6 in slot 6
[2022-12-12 18:57:19] [SEVERE ] placing card 7 in slot 7
[2022-12-12 18:57:19] [SEVERE ] placing card 8 in slot 8
[2022-12-12 18:57:19] [SEVERE ] placing card 9 in slot 9
[2022-12-12 18:57:19] [SEVERE ] placing card 10 in slot 10
[2022-12-12 18:57:19] [SEVERE ] placing card 11 in slot 11
[2022-12-12 18:57:19] [SEVERE ] placing card 0 in slot 0
[2022-12-12 18:57:19] [SEVERE ] placing card 1 in slot 1
[2022-12-12 18:57:19] [SEVERE ] placing card 2 in slot 2
[2022-12-12 18:57:20] [SEVERE ] placing card 3 in slot 3
[2022-12-12 18:57:20] [SEVERE ] placing card 4 in slot 4
[2022-12-12 18:57:20] [SEVERE ] placing card 5 in slot 5
[2022-12-12 18:57:20] [SEVERE ] placing card 6 in slot 6
[2022-12-12 18:57:20] [SEVERE ] placing card 7 in slot 7
[2022-12-12 18:57:20] [SEVERE ] placing card 8 in slot 8
[2022-12-12 18:57:20] [SEVERE ] placing card 9 in slot 9
[2022-12-12 18:57:20] [SEVERE ] placing card 10 in slot 10
[2022-12-12 18:57:20] [SEVERE ] placing card 11 in slot 11
[2022-12-12 18:57:20] [SEVERE ] placing card 0 in slot 0
[2022-12-12 18:57:21] [SEVERE ] placing card 1 in slot 1
[2022-12-12 18:57:21] [SEVERE ] placing card 2 in slot 2
[2022-12-12 18:57:21] [SEVERE ] placing card 3 in slot 3
[2022-12-12 18:57:21] [SEVERE ] placing card 4 in slot 4
[2022-12-12 18:57:21] [SEVERE ] placing card 5 in slot 5
[2022-12-12 18:57:21] [SEVERE ] placing card 6 in slot 6
[2022-12-12 18:57:21] [SEVERE ] placing card 7 in slot 7
[2022-12-12 18:57:21] [SEVERE ] placing card 8 in slot 8
[2022-12-12 18:57:21] [SEVERE ] placing card 9 in slot 9
[2022-12-12 18:57:21] [SEVERE ] placing card 10 in slot 10
[2022-12-12 18:57:22] [SEVERE ] placing card 11 in slot 11
[2022-12-12 18:57:22] [SEVERE ] placing card 0 in slot 0
[2022-12-12 18:57:22] [SEVERE ] placing card 1 in slot 1
[2022-12-12 18:57:22] [SEVERE ] placing card 2 in slot 2
[2022-12-12 18:57:22] [SEVERE ] placing card 3 in slot 3
[2022-12-12 18:57:22] [SEVERE ] placing card 4 in slot 4
[2022-12-12 18:57:22] [SEVERE ] placing card 5 in slot 5
[2022-12-12 18:57:22] [SEVERE ] placing card 6 in slot 6
[2022-12-12 18:57:22] [SEVERE ] placing card 7 in slot 7
[2022-12-12 18:57:23] [SEVERE ] placing card 8 in slot 8
[2022-12-12 18:57:23] [SEVERE ] placing card 9 in slot 9
[2022-12-12 18:57:23] [SEVERE ] placing card 10 in slot 10
[2022-12-12 18:57:23] [SEVERE ] placing card 11 in slot 11
[2022-12-12 18:57:23] [SEVERE ] placing card 0 in slot 0
[2022-12-12 18:57:23] [SEVERE ] placing card 1 in slot 1
[2022-12-12 18:57:23] [SEVERE ] placing card 2 in slot 2
[2022-12-12 18:57:23] [SEVERE ] placing card 3 in slot 3
[2022-12-12 18:57:23] [SEVERE ] placing card 4 in slot 4
[2022-12-12 18:57:23] [SEVERE ] placing card 5 in slot 5
[2022-12-12 18:57:24] [SEVERE ] placing card 6 in slot 6
[2022-12-12 18:57:24] [SEVERE ] placing card 7 in slot 7
[2022-12-12 18:57:24] [SEVERE ] placing card 8 in slot 8
[2022-12-12 18:57:24] [SEVERE ] placing card 9 in slot 9
[2022-12-12 18:57:24] [SEVERE ] placing card 10 in slot 10
[2022-12-12 18:57:24] [SEVERE ] placing card 11 in slot 11
[2022-12-12 18:57:24] [SEVERE ] placing card 0 in slot 0
[2022-12-12 18:57:24] [SEVERE ] placing card 1 in slot 1
[2022-12-12 18:57:24] [SEVERE ] placing card 2 in slot 2
[2022-12-12 18:57:25] [SEVERE ] placing card 3 in slot 3
[2022-12-12 18:57:25] [SEVERE ] placing card 4 in slot 4
[2022-12-12 18:57:25] [SEVERE ] placing card 5 in slot 5
[2022-12-12 18:57:25] [SEVERE ] placing card 6 in slot 6
[2022-12-12 18:57:25] [SEVERE ] placing card 7 in slot 7
[2022-12-12 18:57:25] [SEVERE ] placing card 8 in slot 8
[2022-12-12 18:57:25] [SEVERE ] placing card 9 in slot 9
[2022-12-12 18:57:25] [SEVERE ] placing card 10 in slot 10
[2022-12-12 18:57:25] [SEVERE ] placing card 11 in slot 11
[2022-12-12 18:57:25] [SEVERE ] placing card 0 in slot 0
[2022-12-12 18:57:26] [SEVERE ] placing card 1 in slot 1
[2022-12-12 18:57:26] [SEVERE ] placing card 2 in slot 2
[2022-12-12 18:57:26] [SEVERE ] placing card 3 in slot 3
[2022-12-12 18:57:26] [SEVERE ] placing card 4 in slot 4
[2022-12-12 18:57:26] [SEVERE ] placing card 5 in slot 5
[2022-12-12 18:57:26] [SEVERE ] placing card 6 in slot 6
[2022-12-12 18:57:26] [SEVERE ] placing card 7 in slot 7
[2022-12-12 18:57:26] [SEVERE ] placing card 8 in slot 8
[2022-12-12 18:57:26] [SEVERE ] placing card 9 in slot 9
[2022-12-12 18:57:27] [SEVERE ] placing card 10 in slot 10
[2022-12-12 18:57:27] [SEVERE ] placing card 11 in slot 11
[2022-12-12 18:57:27] [SEVERE ] placing card 0 in slot 0
[2022-12-12 18:57:27] [SEVERE ] placing card 1 in slot 1
[2022-12-12 18:57:27] [SEVERE ] placing card 2 in slot 2
[2022-12-12 18:57:27] [SEVERE ] placing card 3 in slot 3
[2022-12-12 18:57:27] [SEVERE ] placing card 4 in slot 4
[2022-12-12 18:57:27] [SEVERE ] placing card 5 in slot 5
[2022-12-12 18:57:27] [SEVERE ] placing card 6 in slot 6
[2022-12-12 18:57:27] [SEVERE ] placing card 7 in slot 7
[2022-12-12 18:57:28] [SEVERE ] placing card 8 in slot 8
[2022-12-12 18:57:28] [SEVERE ] placing card 9 in slot 9
[2022-12-12 18:57:28] [SEVERE ] placing card 10 in slot 10
[2022-12-12 18:57:28] [SEVERE ] placing card 11 in slot 11
[2022-12-12 18:57:28] [SEVERE ] placing card 0 in slot 0
[2022-12-12 18:57:28] [SEVERE ] placing card 1 in slot 1
[2022-12-12 18:57:28] [SEVERE ] placing card 2 in slot 2
[2022-12-12 18:57:28] [SEVERE ] placing card 3 in slot 3
[2022-12-12 18:57:28] [SEVERE ] placing card 4 in slot 4
[2022-12-12 18:57:28] [SEVERE ] placing card 5 in slot 5
[2022-12-12 18:57:29] [SEVERE ] placing card 6 in slot 6
[2022-12-12 18:57:29] [SEVERE ] placing card 7 in slot 7
[2022-12-12 18:57:29] [SEVERE ] placing card 8 in slot 8
[2022-12-12 18:57:29] [SEVERE ] placing card 9 in slot 9
[2022-12-12 18:57:29] [SEVERE ] placing card 10 in slot 10
[2022-12-12 18:57:29] [SEVERE ] placing card 11 in slot 11
[2022-12-12 18:57:29] [SEVERE ] placing card 0 in slot 0
[2022-12-12 18:57:29] [SEVERE ] placing card 1 in slot 1
[2022-12-12 18:57:29] [SEVERE ] placing card 2 in slot 2
[2022-12-12 18:57:30] [SEVERE ] placing card 3 in slot 3
